{"D:\\Kumresh\\api\\logger.ts": {"path":"D:\\Kumresh\\api\\logger.ts","all":false,"statementMap":{"0":{"start":{"line":1,"column":0},"end":{"line":1,"column":24}},"2":{"start":{"line":3,"column":0},"end":{"line":3,"column":28}},"3":{"start":{"line":4,"column":0},"end":{"line":4,"column":41}},"4":{"start":{"line":5,"column":0},"end":{"line":5,"column":18}},"5":{"start":{"line":6,"column":0},"end":{"line":6,"column":11}},"6":{"start":{"line":7,"column":0},"end":{"line":7,"column":78}},"7":{"start":{"line":8,"column":0},"end":{"line":8,"column":17}},"8":{"start":{"line":9,"column":0},"end":{"line":9,"column":4}},"9":{"start":{"line":10,"column":0},"end":{"line":10,"column":3}}},"s":{"0":1,"2":1,"3":1,"4":1,"5":1,"6":1,"7":1,"8":1,"9":1},"branchMap":{"0":{"type":"branch","line":4,"loc":{"start":{"line":4,"column":21},"end":{"line":4,"column":41}},"locations":[{"start":{"line":4,"column":21},"end":{"line":4,"column":41}}]}},"b":{"0":[0]},"fnMap":{},"f":{}}
,"D:\\Kumresh\\api\\sentry.ts": {"path":"D:\\Kumresh\\api\\sentry.ts","all":false,"statementMap":{"0":{"start":{"line":1,"column":0},"end":{"line":1,"column":39}},"2":{"start":{"line":3,"column":0},"end":{"line":3,"column":30}},"3":{"start":{"line":4,"column":0},"end":{"line":4,"column":38}},"4":{"start":{"line":5,"column":0},"end":{"line":5,"column":15}},"5":{"start":{"line":6,"column":0},"end":{"line":6,"column":32}},"6":{"start":{"line":7,"column":0},"end":{"line":7,"column":26}},"7":{"start":{"line":8,"column":0},"end":{"line":8,"column":55}},"8":{"start":{"line":9,"column":0},"end":{"line":9,"column":5}},"9":{"start":{"line":10,"column":0},"end":{"line":10,"column":1}}},"s":{"0":1,"2":1,"3":7,"4":0,"5":0,"6":0,"7":0,"8":7,"9":7},"branchMap":{"0":{"type":"branch","line":3,"loc":{"start":{"line":3,"column":7},"end":{"line":10,"column":1}},"locations":[{"start":{"line":3,"column":7},"end":{"line":10,"column":1}}]},"1":{"type":"branch","line":4,"loc":{"start":{"line":4,"column":31},"end":{"line":8,"column":55}},"locations":[{"start":{"line":4,"column":31},"end":{"line":8,"column":55}}]}},"b":{"0":[7],"1":[0]},"fnMap":{"0":{"name":"initSentry","decl":{"start":{"line":3,"column":7},"end":{"line":10,"column":1}},"loc":{"start":{"line":3,"column":7},"end":{"line":10,"column":1}},"line":3}},"f":{"0":7}}
,"D:\\Kumresh\\api\\middleware\\auth.ts": {"path":"D:\\Kumresh\\api\\middleware\\auth.ts","all":false,"statementMap":{"0":{"start":{"line":1,"column":0},"end":{"line":1,"column":73}},"15":{"start":{"line":16,"column":0},"end":{"line":16,"column":34}},"16":{"start":{"line":17,"column":0},"end":{"line":17,"column":15}},"17":{"start":{"line":18,"column":0},"end":{"line":18,"column":16}},"18":{"start":{"line":19,"column":0},"end":{"line":19,"column":21}},"19":{"start":{"line":20,"column":0},"end":{"line":20,"column":6}},"20":{"start":{"line":21,"column":0},"end":{"line":21,"column":50}},"21":{"start":{"line":22,"column":0},"end":{"line":22,"column":55}},"23":{"start":{"line":24,"column":0},"end":{"line":24,"column":22}},"24":{"start":{"line":25,"column":0},"end":{"line":25,"column":24}},"25":{"start":{"line":26,"column":0},"end":{"line":26,"column":11}},"26":{"start":{"line":27,"column":0},"end":{"line":27,"column":3}},"28":{"start":{"line":29,"column":0},"end":{"line":29,"column":13}},"29":{"start":{"line":30,"column":0},"end":{"line":30,"column":10}},"30":{"start":{"line":31,"column":0},"end":{"line":31,"column":33}},"31":{"start":{"line":32,"column":0},"end":{"line":32,"column":5}},"32":{"start":{"line":33,"column":0},"end":{"line":33,"column":28}},"33":{"start":{"line":34,"column":0},"end":{"line":34,"column":37}},"34":{"start":{"line":35,"column":0},"end":{"line":35,"column":41}},"35":{"start":{"line":36,"column":0},"end":{"line":36,"column":6}},"36":{"start":{"line":37,"column":0},"end":{"line":37,"column":23}},"37":{"start":{"line":38,"column":0},"end":{"line":38,"column":59}},"38":{"start":{"line":39,"column":0},"end":{"line":39,"column":64}},"39":{"start":{"line":40,"column":0},"end":{"line":40,"column":28}},"40":{"start":{"line":41,"column":0},"end":{"line":41,"column":15}},"41":{"start":{"line":42,"column":0},"end":{"line":42,"column":7}},"42":{"start":{"line":43,"column":0},"end":{"line":43,"column":50}},"44":{"start":{"line":45,"column":0},"end":{"line":45,"column":35}},"45":{"start":{"line":46,"column":0},"end":{"line":46,"column":23}},"46":{"start":{"line":47,"column":0},"end":{"line":47,"column":27}},"47":{"start":{"line":48,"column":0},"end":{"line":48,"column":8}},"48":{"start":{"line":49,"column":0},"end":{"line":49,"column":13}},"49":{"start":{"line":50,"column":0},"end":{"line":50,"column":6}},"50":{"start":{"line":51,"column":0},"end":{"line":51,"column":4}},"51":{"start":{"line":52,"column":0},"end":{"line":52,"column":2}},"53":{"start":{"line":54,"column":0},"end":{"line":54,"column":49}},"54":{"start":{"line":55,"column":0},"end":{"line":55,"column":63}},"55":{"start":{"line":56,"column":0},"end":{"line":56,"column":43}},"56":{"start":{"line":57,"column":0},"end":{"line":57,"column":46}},"57":{"start":{"line":58,"column":0},"end":{"line":58,"column":20}},"58":{"start":{"line":59,"column":0},"end":{"line":59,"column":93}},"59":{"start":{"line":60,"column":0},"end":{"line":60,"column":8}},"60":{"start":{"line":61,"column":0},"end":{"line":61,"column":26}},"61":{"start":{"line":62,"column":0},"end":{"line":62,"column":13}},"62":{"start":{"line":63,"column":0},"end":{"line":63,"column":5}},"64":{"start":{"line":65,"column":0},"end":{"line":65,"column":11}},"65":{"start":{"line":66,"column":0},"end":{"line":66,"column":4}},"66":{"start":{"line":67,"column":0},"end":{"line":67,"column":2}}},"s":{"0":1,"15":1,"16":54,"17":54,"18":54,"19":54,"20":54,"21":54,"23":54,"24":0,"25":0,"26":0,"28":54,"29":54,"30":54,"31":54,"32":54,"33":54,"34":54,"35":54,"36":54,"37":54,"38":0,"39":0,"40":0,"41":0,"42":54,"44":54,"45":54,"46":54,"47":54,"48":54,"49":54,"50":54,"51":54,"53":1,"54":70,"55":29,"56":29,"57":4,"58":4,"59":4,"60":4,"61":4,"62":4,"64":25,"65":29,"66":70},"branchMap":{"0":{"type":"branch","line":16,"loc":{"start":{"line":16,"column":33},"end":{"line":52,"column":2}},"locations":[{"start":{"line":16,"column":33},"end":{"line":52,"column":2}}]},"1":{"type":"branch","line":24,"loc":{"start":{"line":24,"column":21},"end":{"line":27,"column":3}},"locations":[{"start":{"line":24,"column":21},"end":{"line":27,"column":3}}]},"2":{"type":"branch","line":31,"loc":{"start":{"line":31,"column":16},"end":{"line":31,"column":33}},"locations":[{"start":{"line":31,"column":16},"end":{"line":31,"column":33}}]},"3":{"type":"branch","line":37,"loc":{"start":{"line":37,"column":4},"end":{"line":50,"column":6}},"locations":[{"start":{"line":37,"column":4},"end":{"line":50,"column":6}}]},"4":{"type":"branch","line":38,"loc":{"start":{"line":38,"column":58},"end":{"line":42,"column":7}},"locations":[{"start":{"line":38,"column":58},"end":{"line":42,"column":7}}]},"5":{"type":"branch","line":54,"loc":{"start":{"line":54,"column":27},"end":{"line":67,"column":2}},"locations":[{"start":{"line":54,"column":27},"end":{"line":67,"column":2}}]},"6":{"type":"branch","line":55,"loc":{"start":{"line":55,"column":9},"end":{"line":66,"column":4}},"locations":[{"start":{"line":55,"column":9},"end":{"line":66,"column":4}}]},"7":{"type":"branch","line":57,"loc":{"start":{"line":57,"column":45},"end":{"line":63,"column":5}},"locations":[{"start":{"line":57,"column":45},"end":{"line":63,"column":5}}]},"8":{"type":"branch","line":63,"loc":{"start":{"line":63,"column":4},"end":{"line":65,"column":11}},"locations":[{"start":{"line":63,"column":4},"end":{"line":65,"column":11}}]}},"b":{"0":[54],"1":[0],"2":[0],"3":[54],"4":[0],"5":[70],"6":[29],"7":[4],"8":[25]},"fnMap":{"0":{"name":"authenticateToken","decl":{"start":{"line":16,"column":33},"end":{"line":52,"column":2}},"loc":{"start":{"line":16,"column":33},"end":{"line":52,"column":2}},"line":16},"1":{"name":"requireRole","decl":{"start":{"line":54,"column":27},"end":{"line":67,"column":2}},"loc":{"start":{"line":54,"column":27},"end":{"line":67,"column":2}},"line":54}},"f":{"0":54,"1":70}}
,"D:\\Kumresh\\api\\middleware\\rateLimit.ts": {"path":"D:\\Kumresh\\api\\middleware\\rateLimit.ts","all":false,"statementMap":{"0":{"start":{"line":1,"column":0},"end":{"line":1,"column":43}},"2":{"start":{"line":3,"column":0},"end":{"line":3,"column":38}},"3":{"start":{"line":4,"column":0},"end":{"line":4,"column":71}},"4":{"start":{"line":5,"column":0},"end":{"line":5,"column":56}},"5":{"start":{"line":6,"column":0},"end":{"line":6,"column":24}},"6":{"start":{"line":7,"column":0},"end":{"line":7,"column":23}},"7":{"start":{"line":8,"column":0},"end":{"line":8,"column":46}},"8":{"start":{"line":9,"column":0},"end":{"line":9,"column":3}},"10":{"start":{"line":11,"column":0},"end":{"line":11,"column":41}},"11":{"start":{"line":12,"column":0},"end":{"line":12,"column":71}},"12":{"start":{"line":13,"column":0},"end":{"line":13,"column":56}},"13":{"start":{"line":14,"column":0},"end":{"line":14,"column":24}},"14":{"start":{"line":15,"column":0},"end":{"line":15,"column":23}},"15":{"start":{"line":16,"column":0},"end":{"line":16,"column":46}},"16":{"start":{"line":17,"column":0},"end":{"line":17,"column":3}}},"s":{"0":1,"2":1,"3":1,"4":1,"5":1,"6":1,"7":1,"8":1,"10":1,"11":1,"12":1,"13":1,"14":1,"15":1,"16":1},"branchMap":{"0":{"type":"branch","line":4,"loc":{"start":{"line":4,"column":33},"end":{"line":4,"column":60}},"locations":[{"start":{"line":4,"column":33},"end":{"line":4,"column":60}}]},"1":{"type":"branch","line":5,"loc":{"start":{"line":5,"column":28},"end":{"line":5,"column":52}},"locations":[{"start":{"line":5,"column":28},"end":{"line":5,"column":52}}]},"2":{"type":"branch","line":12,"loc":{"start":{"line":12,"column":33},"end":{"line":12,"column":60}},"locations":[{"start":{"line":12,"column":33},"end":{"line":12,"column":60}}]},"3":{"type":"branch","line":13,"loc":{"start":{"line":13,"column":28},"end":{"line":13,"column":52}},"locations":[{"start":{"line":13,"column":28},"end":{"line":13,"column":52}}]},"4":{"type":"branch","line":8,"loc":{"start":{"line":8,"column":8},"end":{"line":8,"column":46}},"locations":[{"start":{"line":8,"column":8},"end":{"line":8,"column":46}}]},"5":{"type":"branch","line":16,"loc":{"start":{"line":16,"column":8},"end":{"line":16,"column":46}},"locations":[{"start":{"line":16,"column":8},"end":{"line":16,"column":46}}]}},"b":{"0":[1],"1":[1],"2":[1],"3":[1],"4":[17],"5":[24]},"fnMap":{"0":{"name":"skip","decl":{"start":{"line":8,"column":8},"end":{"line":8,"column":46}},"loc":{"start":{"line":8,"column":8},"end":{"line":8,"column":46}},"line":8},"1":{"name":"skip","decl":{"start":{"line":16,"column":8},"end":{"line":16,"column":46}},"loc":{"start":{"line":16,"column":8},"end":{"line":16,"column":46}},"line":16}},"f":{"0":17,"1":24}}
,"D:\\Kumresh\\api\\middleware\\requestId.ts": {"path":"D:\\Kumresh\\api\\middleware\\requestId.ts","all":false,"statementMap":{"0":{"start":{"line":1,"column":0},"end":{"line":1,"column":73}},"7":{"start":{"line":8,"column":0},"end":{"line":8,"column":79}},"8":{"start":{"line":9,"column":0},"end":{"line":9,"column":12}},"9":{"start":{"line":10,"column":0},"end":{"line":10,"column":72}},"10":{"start":{"line":11,"column":0},"end":{"line":11,"column":40}},"11":{"start":{"line":12,"column":0},"end":{"line":12,"column":36}},"12":{"start":{"line":13,"column":0},"end":{"line":13,"column":9}},"13":{"start":{"line":14,"column":0},"end":{"line":14,"column":2}}},"s":{"0":1,"7":1,"8":76,"9":76,"10":76,"11":76,"12":76,"13":76},"branchMap":{"0":{"type":"branch","line":8,"loc":{"start":{"line":8,"column":25},"end":{"line":14,"column":2}},"locations":[{"start":{"line":8,"column":25},"end":{"line":14,"column":2}}]},"1":{"type":"branch","line":10,"loc":{"start":{"line":10,"column":31},"end":{"line":10,"column":72}},"locations":[{"start":{"line":10,"column":31},"end":{"line":10,"column":72}}]}},"b":{"0":[76],"1":[75]},"fnMap":{"0":{"name":"requestId","decl":{"start":{"line":8,"column":25},"end":{"line":14,"column":2}},"loc":{"start":{"line":8,"column":25},"end":{"line":14,"column":2}},"line":8}},"f":{"0":76}}
,"D:\\Kumresh\\api\\routes\\auditLogs.ts": {"path":"D:\\Kumresh\\api\\routes\\auditLogs.ts","all":false,"statementMap":{"0":{"start":{"line":1,"column":0},"end":{"line":1,"column":62}},"1":{"start":{"line":2,"column":0},"end":{"line":2,"column":38}},"2":{"start":{"line":3,"column":0},"end":{"line":3,"column":33}},"3":{"start":{"line":4,"column":0},"end":{"line":4,"column":80}},"4":{"start":{"line":5,"column":0},"end":{"line":5,"column":68}},"6":{"start":{"line":7,"column":0},"end":{"line":7,"column":24}},"8":{"start":{"line":9,"column":0},"end":{"line":9,"column":11}},"9":{"start":{"line":10,"column":0},"end":{"line":10,"column":6}},"10":{"start":{"line":11,"column":0},"end":{"line":11,"column":20}},"11":{"start":{"line":12,"column":0},"end":{"line":12,"column":27}},"12":{"start":{"line":13,"column":0},"end":{"line":13,"column":42}},"13":{"start":{"line":14,"column":0},"end":{"line":14,"column":51}},"14":{"start":{"line":15,"column":0},"end":{"line":15,"column":9}},"15":{"start":{"line":16,"column":0},"end":{"line":16,"column":33}},"16":{"start":{"line":17,"column":0},"end":{"line":17,"column":59}},"17":{"start":{"line":18,"column":0},"end":{"line":18,"column":12}},"18":{"start":{"line":19,"column":0},"end":{"line":19,"column":35}},"19":{"start":{"line":20,"column":0},"end":{"line":20,"column":60}},"20":{"start":{"line":21,"column":0},"end":{"line":21,"column":13}},"21":{"start":{"line":22,"column":0},"end":{"line":22,"column":40}},"22":{"start":{"line":23,"column":0},"end":{"line":23,"column":50}},"23":{"start":{"line":24,"column":0},"end":{"line":24,"column":38}},"24":{"start":{"line":25,"column":0},"end":{"line":25,"column":20}},"25":{"start":{"line":26,"column":0},"end":{"line":26,"column":41}},"26":{"start":{"line":27,"column":0},"end":{"line":27,"column":36}},"27":{"start":{"line":28,"column":0},"end":{"line":28,"column":20}},"29":{"start":{"line":30,"column":0},"end":{"line":30,"column":50}},"30":{"start":{"line":31,"column":0},"end":{"line":31,"column":28}},"31":{"start":{"line":32,"column":0},"end":{"line":32,"column":12}},"32":{"start":{"line":33,"column":0},"end":{"line":33,"column":47}},"33":{"start":{"line":34,"column":0},"end":{"line":34,"column":47}},"34":{"start":{"line":35,"column":0},"end":{"line":35,"column":11}},"35":{"start":{"line":36,"column":0},"end":{"line":36,"column":11}},"36":{"start":{"line":37,"column":0},"end":{"line":37,"column":71}},"37":{"start":{"line":38,"column":0},"end":{"line":38,"column":9}},"38":{"start":{"line":39,"column":0},"end":{"line":39,"column":56}},"39":{"start":{"line":40,"column":0},"end":{"line":40,"column":7}},"41":{"start":{"line":42,"column":0},"end":{"line":42,"column":35}},"42":{"start":{"line":43,"column":0},"end":{"line":43,"column":29}},"43":{"start":{"line":44,"column":0},"end":{"line":44,"column":19}},"44":{"start":{"line":45,"column":0},"end":{"line":45,"column":29}},"45":{"start":{"line":46,"column":0},"end":{"line":46,"column":45}},"46":{"start":{"line":47,"column":0},"end":{"line":47,"column":41}},"47":{"start":{"line":48,"column":0},"end":{"line":48,"column":37}},"48":{"start":{"line":49,"column":0},"end":{"line":49,"column":39}},"49":{"start":{"line":50,"column":0},"end":{"line":50,"column":43}},"50":{"start":{"line":51,"column":0},"end":{"line":51,"column":47}},"51":{"start":{"line":52,"column":0},"end":{"line":52,"column":12}},"52":{"start":{"line":53,"column":0},"end":{"line":53,"column":26}},"53":{"start":{"line":54,"column":0},"end":{"line":54,"column":17}},"54":{"start":{"line":55,"column":0},"end":{"line":55,"column":16}},"55":{"start":{"line":56,"column":0},"end":{"line":56,"column":51}},"56":{"start":{"line":57,"column":0},"end":{"line":57,"column":47}},"57":{"start":{"line":58,"column":0},"end":{"line":58,"column":14}},"58":{"start":{"line":59,"column":0},"end":{"line":59,"column":11}},"59":{"start":{"line":60,"column":0},"end":{"line":60,"column":39}},"60":{"start":{"line":61,"column":0},"end":{"line":61,"column":23}},"61":{"start":{"line":62,"column":0},"end":{"line":62,"column":26}},"63":{"start":{"line":64,"column":0},"end":{"line":64,"column":46}},"64":{"start":{"line":65,"column":0},"end":{"line":65,"column":15}},"65":{"start":{"line":66,"column":0},"end":{"line":66,"column":7}},"67":{"start":{"line":68,"column":0},"end":{"line":68,"column":23}},"68":{"start":{"line":69,"column":0},"end":{"line":69,"column":29}},"69":{"start":{"line":70,"column":0},"end":{"line":70,"column":19}},"70":{"start":{"line":71,"column":0},"end":{"line":71,"column":29}},"71":{"start":{"line":72,"column":0},"end":{"line":72,"column":45}},"72":{"start":{"line":73,"column":0},"end":{"line":73,"column":41}},"73":{"start":{"line":74,"column":0},"end":{"line":74,"column":37}},"74":{"start":{"line":75,"column":0},"end":{"line":75,"column":39}},"75":{"start":{"line":76,"column":0},"end":{"line":76,"column":43}},"76":{"start":{"line":77,"column":0},"end":{"line":77,"column":47}},"77":{"start":{"line":78,"column":0},"end":{"line":78,"column":12}},"78":{"start":{"line":79,"column":0},"end":{"line":79,"column":26}},"79":{"start":{"line":80,"column":0},"end":{"line":80,"column":54}},"80":{"start":{"line":81,"column":0},"end":{"line":81,"column":39}},"81":{"start":{"line":82,"column":0},"end":{"line":82,"column":23}},"82":{"start":{"line":83,"column":0},"end":{"line":83,"column":26}},"84":{"start":{"line":85,"column":0},"end":{"line":85,"column":46}},"85":{"start":{"line":86,"column":0},"end":{"line":86,"column":15}},"86":{"start":{"line":87,"column":0},"end":{"line":87,"column":7}},"88":{"start":{"line":89,"column":0},"end":{"line":89,"column":21}},"89":{"start":{"line":90,"column":0},"end":{"line":90,"column":29}},"90":{"start":{"line":91,"column":0},"end":{"line":91,"column":19}},"91":{"start":{"line":92,"column":0},"end":{"line":92,"column":29}},"92":{"start":{"line":93,"column":0},"end":{"line":93,"column":45}},"93":{"start":{"line":94,"column":0},"end":{"line":94,"column":41}},"94":{"start":{"line":95,"column":0},"end":{"line":95,"column":37}},"95":{"start":{"line":96,"column":0},"end":{"line":96,"column":39}},"96":{"start":{"line":97,"column":0},"end":{"line":97,"column":43}},"97":{"start":{"line":98,"column":0},"end":{"line":98,"column":47}},"98":{"start":{"line":99,"column":0},"end":{"line":99,"column":12}},"99":{"start":{"line":100,"column":0},"end":{"line":100,"column":26}},"100":{"start":{"line":101,"column":0},"end":{"line":101,"column":50}},"101":{"start":{"line":102,"column":0},"end":{"line":102,"column":39}},"102":{"start":{"line":103,"column":0},"end":{"line":103,"column":23}},"103":{"start":{"line":104,"column":0},"end":{"line":104,"column":26}},"105":{"start":{"line":106,"column":0},"end":{"line":106,"column":46}},"106":{"start":{"line":107,"column":0},"end":{"line":107,"column":15}},"107":{"start":{"line":108,"column":0},"end":{"line":108,"column":7}},"109":{"start":{"line":110,"column":0},"end":{"line":110,"column":27}},"110":{"start":{"line":111,"column":0},"end":{"line":111,"column":17}},"111":{"start":{"line":112,"column":0},"end":{"line":112,"column":27}},"112":{"start":{"line":113,"column":0},"end":{"line":113,"column":43}},"113":{"start":{"line":114,"column":0},"end":{"line":114,"column":39}},"114":{"start":{"line":115,"column":0},"end":{"line":115,"column":35}},"115":{"start":{"line":116,"column":0},"end":{"line":116,"column":37}},"116":{"start":{"line":117,"column":0},"end":{"line":117,"column":41}},"117":{"start":{"line":118,"column":0},"end":{"line":118,"column":45}},"118":{"start":{"line":119,"column":0},"end":{"line":119,"column":10}},"119":{"start":{"line":120,"column":0},"end":{"line":120,"column":24}},"120":{"start":{"line":121,"column":0},"end":{"line":121,"column":37}},"121":{"start":{"line":122,"column":0},"end":{"line":122,"column":21}},"122":{"start":{"line":123,"column":0},"end":{"line":123,"column":24}},"124":{"start":{"line":125,"column":0},"end":{"line":125,"column":44}},"125":{"start":{"line":126,"column":0},"end":{"line":126,"column":30}},"126":{"start":{"line":127,"column":0},"end":{"line":127,"column":27}},"127":{"start":{"line":128,"column":0},"end":{"line":128,"column":26}},"128":{"start":{"line":129,"column":0},"end":{"line":129,"column":65}},"129":{"start":{"line":130,"column":0},"end":{"line":130,"column":9}},"130":{"start":{"line":131,"column":0},"end":{"line":131,"column":20}},"131":{"start":{"line":132,"column":0},"end":{"line":132,"column":73}},"132":{"start":{"line":133,"column":0},"end":{"line":133,"column":5}},"133":{"start":{"line":134,"column":0},"end":{"line":134,"column":4}},"134":{"start":{"line":135,"column":0},"end":{"line":135,"column":2}},"136":{"start":{"line":137,"column":0},"end":{"line":137,"column":22}}},"s":{"0":1,"1":1,"2":1,"3":1,"4":1,"6":1,"8":1,"9":1,"10":1,"11":1,"12":1,"13":8,"14":8,"15":8,"16":1,"17":7,"18":8,"19":1,"20":7,"21":8,"22":8,"23":3,"24":5,"25":8,"26":2,"27":6,"29":8,"30":8,"31":3,"32":3,"33":3,"34":3,"35":3,"36":1,"37":1,"38":2,"39":2,"41":8,"42":1,"43":1,"44":1,"45":1,"46":1,"47":1,"48":1,"49":1,"50":1,"51":1,"52":1,"53":1,"54":1,"55":1,"56":1,"57":1,"58":1,"59":1,"60":1,"61":1,"63":1,"64":1,"65":1,"67":8,"68":1,"69":1,"70":1,"71":1,"72":1,"73":1,"74":1,"75":1,"76":1,"77":1,"78":1,"79":1,"80":1,"81":1,"82":1,"84":1,"85":1,"86":1,"88":8,"89":1,"90":1,"91":1,"92":1,"93":1,"94":1,"95":1,"96":1,"97":1,"98":1,"99":1,"100":1,"101":1,"102":1,"103":1,"105":1,"106":1,"107":1,"109":4,"110":4,"111":4,"112":4,"113":4,"114":4,"115":4,"116":4,"117":4,"118":4,"119":4,"120":4,"121":4,"122":4,"124":4,"125":8,"126":0,"127":0,"128":0,"129":0,"130":0,"131":0,"132":0,"133":8,"134":1,"136":1},"branchMap":{"0":{"type":"branch","line":13,"loc":{"start":{"line":13,"column":2},"end":{"line":134,"column":4}},"locations":[{"start":{"line":13,"column":2},"end":{"line":134,"column":4}}]},"1":{"type":"branch","line":16,"loc":{"start":{"line":16,"column":29},"end":{"line":17,"column":59}},"locations":[{"start":{"line":16,"column":29},"end":{"line":17,"column":59}}]},"2":{"type":"branch","line":17,"loc":{"start":{"line":17,"column":58},"end":{"line":18,"column":12}},"locations":[{"start":{"line":17,"column":58},"end":{"line":18,"column":12}}]},"3":{"type":"branch","line":19,"loc":{"start":{"line":19,"column":30},"end":{"line":20,"column":60}},"locations":[{"start":{"line":19,"column":30},"end":{"line":20,"column":60}}]},"4":{"type":"branch","line":20,"loc":{"start":{"line":20,"column":59},"end":{"line":21,"column":13}},"locations":[{"start":{"line":20,"column":59},"end":{"line":21,"column":13}}]},"5":{"type":"branch","line":23,"loc":{"start":{"line":23,"column":40},"end":{"line":24,"column":38}},"locations":[{"start":{"line":23,"column":40},"end":{"line":24,"column":38}}]},"6":{"type":"branch","line":24,"loc":{"start":{"line":24,"column":37},"end":{"line":25,"column":20}},"locations":[{"start":{"line":24,"column":37},"end":{"line":25,"column":20}}]},"7":{"type":"branch","line":26,"loc":{"start":{"line":26,"column":33},"end":{"line":27,"column":36}},"locations":[{"start":{"line":26,"column":33},"end":{"line":27,"column":36}}]},"8":{"type":"branch","line":27,"loc":{"start":{"line":27,"column":35},"end":{"line":28,"column":20}},"locations":[{"start":{"line":27,"column":35},"end":{"line":28,"column":20}}]},"9":{"type":"branch","line":31,"loc":{"start":{"line":31,"column":27},"end":{"line":40,"column":7}},"locations":[{"start":{"line":31,"column":27},"end":{"line":40,"column":7}}]},"10":{"type":"branch","line":36,"loc":{"start":{"line":36,"column":10},"end":{"line":38,"column":9}},"locations":[{"start":{"line":36,"column":10},"end":{"line":38,"column":9}}]},"11":{"type":"branch","line":38,"loc":{"start":{"line":38,"column":8},"end":{"line":40,"column":7}},"locations":[{"start":{"line":38,"column":8},"end":{"line":40,"column":7}}]},"12":{"type":"branch","line":40,"loc":{"start":{"line":40,"column":6},"end":{"line":42,"column":24}},"locations":[{"start":{"line":40,"column":6},"end":{"line":42,"column":24}}]},"13":{"type":"branch","line":42,"loc":{"start":{"line":42,"column":10},"end":{"line":42,"column":34}},"locations":[{"start":{"line":42,"column":10},"end":{"line":42,"column":34}}]},"14":{"type":"branch","line":42,"loc":{"start":{"line":42,"column":34},"end":{"line":66,"column":7}},"locations":[{"start":{"line":42,"column":34},"end":{"line":66,"column":7}}]},"15":{"type":"branch","line":66,"loc":{"start":{"line":66,"column":6},"end":{"line":68,"column":22}},"locations":[{"start":{"line":66,"column":6},"end":{"line":68,"column":22}}]},"16":{"type":"branch","line":68,"loc":{"start":{"line":68,"column":22},"end":{"line":87,"column":7}},"locations":[{"start":{"line":68,"column":22},"end":{"line":87,"column":7}}]},"17":{"type":"branch","line":87,"loc":{"start":{"line":87,"column":6},"end":{"line":89,"column":20}},"locations":[{"start":{"line":87,"column":6},"end":{"line":89,"column":20}}]},"18":{"type":"branch","line":89,"loc":{"start":{"line":89,"column":20},"end":{"line":108,"column":7}},"locations":[{"start":{"line":89,"column":20},"end":{"line":108,"column":7}}]},"19":{"type":"branch","line":108,"loc":{"start":{"line":108,"column":6},"end":{"line":126,"column":13}},"locations":[{"start":{"line":108,"column":6},"end":{"line":126,"column":13}}]},"20":{"type":"branch","line":126,"loc":{"start":{"line":126,"column":4},"end":{"line":133,"column":5}},"locations":[{"start":{"line":126,"column":4},"end":{"line":133,"column":5}}]}},"b":{"0":[8],"1":[1],"2":[7],"3":[1],"4":[7],"5":[3],"6":[5],"7":[2],"8":[6],"9":[3],"10":[1],"11":[2],"12":[7],"13":[2],"14":[1],"15":[6],"16":[1],"17":[5],"18":[1],"19":[4],"20":[0]},"fnMap":{},"f":{}}
,"D:\\Kumresh\\api\\routes\\auth.ts": {"path":"D:\\Kumresh\\api\\routes\\auth.ts","all":false,"statementMap":{"0":{"start":{"line":1,"column":0},"end":{"line":1,"column":62}},"1":{"start":{"line":2,"column":0},"end":{"line":2,"column":30}},"2":{"start":{"line":3,"column":0},"end":{"line":3,"column":36}},"3":{"start":{"line":4,"column":0},"end":{"line":4,"column":33}},"4":{"start":{"line":5,"column":0},"end":{"line":5,"column":37}},"5":{"start":{"line":6,"column":0},"end":{"line":6,"column":33}},"6":{"start":{"line":7,"column":0},"end":{"line":7,"column":65}},"8":{"start":{"line":9,"column":0},"end":{"line":9,"column":24}},"10":{"start":{"line":11,"column":0},"end":{"line":11,"column":65}},"11":{"start":{"line":12,"column":0},"end":{"line":12,"column":7}},"12":{"start":{"line":13,"column":0},"end":{"line":13,"column":54}},"13":{"start":{"line":14,"column":0},"end":{"line":14,"column":26}},"14":{"start":{"line":15,"column":0},"end":{"line":15,"column":9}},"15":{"start":{"line":16,"column":0},"end":{"line":16,"column":20}},"16":{"start":{"line":17,"column":0},"end":{"line":17,"column":77}},"17":{"start":{"line":18,"column":0},"end":{"line":18,"column":13}},"18":{"start":{"line":19,"column":0},"end":{"line":19,"column":5}},"19":{"start":{"line":20,"column":0},"end":{"line":20,"column":67}},"21":{"start":{"line":22,"column":0},"end":{"line":22,"column":33}},"22":{"start":{"line":23,"column":0},"end":{"line":23,"column":15}},"23":{"start":{"line":24,"column":0},"end":{"line":24,"column":18}},"24":{"start":{"line":25,"column":0},"end":{"line":25,"column":36}},"25":{"start":{"line":26,"column":0},"end":{"line":26,"column":16}},"26":{"start":{"line":27,"column":0},"end":{"line":27,"column":34}},"27":{"start":{"line":28,"column":0},"end":{"line":28,"column":61}},"28":{"start":{"line":29,"column":0},"end":{"line":29,"column":13}},"29":{"start":{"line":30,"column":0},"end":{"line":30,"column":5}},"31":{"start":{"line":32,"column":0},"end":{"line":32,"column":59}},"32":{"start":{"line":33,"column":0},"end":{"line":33,"column":30}},"33":{"start":{"line":34,"column":0},"end":{"line":34,"column":20}},"34":{"start":{"line":35,"column":0},"end":{"line":35,"column":15}},"35":{"start":{"line":36,"column":0},"end":{"line":36,"column":14}},"36":{"start":{"line":37,"column":0},"end":{"line":37,"column":37}},"37":{"start":{"line":38,"column":0},"end":{"line":38,"column":17}},"38":{"start":{"line":39,"column":0},"end":{"line":39,"column":20}},"39":{"start":{"line":40,"column":0},"end":{"line":40,"column":22}},"40":{"start":{"line":41,"column":0},"end":{"line":41,"column":8}},"41":{"start":{"line":42,"column":0},"end":{"line":42,"column":19}},"43":{"start":{"line":44,"column":0},"end":{"line":44,"column":42}},"44":{"start":{"line":45,"column":0},"end":{"line":45,"column":18}},"45":{"start":{"line":46,"column":0},"end":{"line":46,"column":65}},"46":{"start":{"line":47,"column":0},"end":{"line":47,"column":13}},"47":{"start":{"line":48,"column":0},"end":{"line":48,"column":5}},"48":{"start":{"line":49,"column":0},"end":{"line":49,"column":76}},"49":{"start":{"line":50,"column":0},"end":{"line":50,"column":22}},"50":{"start":{"line":51,"column":0},"end":{"line":51,"column":37}},"51":{"start":{"line":52,"column":0},"end":{"line":52,"column":41}},"52":{"start":{"line":53,"column":0},"end":{"line":53,"column":7}},"54":{"start":{"line":55,"column":0},"end":{"line":55,"column":26}},"55":{"start":{"line":56,"column":0},"end":{"line":56,"column":13}},"56":{"start":{"line":57,"column":0},"end":{"line":57,"column":23}},"57":{"start":{"line":58,"column":0},"end":{"line":58,"column":29}},"58":{"start":{"line":59,"column":0},"end":{"line":59,"column":35}},"59":{"start":{"line":60,"column":0},"end":{"line":60,"column":27}},"60":{"start":{"line":61,"column":0},"end":{"line":61,"column":8}},"61":{"start":{"line":62,"column":0},"end":{"line":62,"column":12}},"62":{"start":{"line":63,"column":0},"end":{"line":63,"column":7}},"63":{"start":{"line":64,"column":0},"end":{"line":64,"column":28}},"64":{"start":{"line":65,"column":0},"end":{"line":65,"column":25}},"65":{"start":{"line":66,"column":0},"end":{"line":66,"column":24}},"66":{"start":{"line":67,"column":0},"end":{"line":67,"column":63}},"67":{"start":{"line":68,"column":0},"end":{"line":68,"column":7}},"68":{"start":{"line":69,"column":0},"end":{"line":69,"column":18}},"69":{"start":{"line":70,"column":0},"end":{"line":70,"column":71}},"70":{"start":{"line":71,"column":0},"end":{"line":71,"column":3}},"71":{"start":{"line":72,"column":0},"end":{"line":72,"column":3}},"73":{"start":{"line":74,"column":0},"end":{"line":74,"column":62}},"74":{"start":{"line":75,"column":0},"end":{"line":75,"column":7}},"75":{"start":{"line":76,"column":0},"end":{"line":76,"column":51}},"76":{"start":{"line":77,"column":0},"end":{"line":77,"column":26}},"77":{"start":{"line":78,"column":0},"end":{"line":78,"column":9}},"78":{"start":{"line":79,"column":0},"end":{"line":79,"column":20}},"79":{"start":{"line":80,"column":0},"end":{"line":80,"column":77}},"80":{"start":{"line":81,"column":0},"end":{"line":81,"column":13}},"81":{"start":{"line":82,"column":0},"end":{"line":82,"column":5}},"82":{"start":{"line":83,"column":0},"end":{"line":83,"column":44}},"84":{"start":{"line":85,"column":0},"end":{"line":85,"column":27}},"85":{"start":{"line":86,"column":0},"end":{"line":86,"column":15}},"86":{"start":{"line":87,"column":0},"end":{"line":87,"column":18}},"87":{"start":{"line":88,"column":0},"end":{"line":88,"column":36}},"88":{"start":{"line":89,"column":0},"end":{"line":89,"column":16}},"90":{"start":{"line":91,"column":0},"end":{"line":91,"column":77}},"92":{"start":{"line":93,"column":0},"end":{"line":93,"column":16}},"93":{"start":{"line":94,"column":0},"end":{"line":94,"column":61}},"94":{"start":{"line":95,"column":0},"end":{"line":95,"column":13}},"95":{"start":{"line":96,"column":0},"end":{"line":96,"column":5}},"97":{"start":{"line":98,"column":0},"end":{"line":98,"column":76}},"98":{"start":{"line":99,"column":0},"end":{"line":99,"column":25}},"99":{"start":{"line":100,"column":0},"end":{"line":100,"column":61}},"100":{"start":{"line":101,"column":0},"end":{"line":101,"column":13}},"101":{"start":{"line":102,"column":0},"end":{"line":102,"column":5}},"103":{"start":{"line":104,"column":0},"end":{"line":104,"column":47}},"104":{"start":{"line":105,"column":0},"end":{"line":105,"column":23}},"105":{"start":{"line":106,"column":0},"end":{"line":106,"column":65}},"106":{"start":{"line":107,"column":0},"end":{"line":107,"column":13}},"107":{"start":{"line":108,"column":0},"end":{"line":108,"column":5}},"108":{"start":{"line":109,"column":0},"end":{"line":109,"column":75}},"109":{"start":{"line":110,"column":0},"end":{"line":110,"column":22}},"110":{"start":{"line":111,"column":0},"end":{"line":111,"column":37}},"111":{"start":{"line":112,"column":0},"end":{"line":112,"column":41}},"112":{"start":{"line":113,"column":0},"end":{"line":113,"column":7}},"114":{"start":{"line":115,"column":0},"end":{"line":115,"column":14}},"115":{"start":{"line":116,"column":0},"end":{"line":116,"column":13}},"116":{"start":{"line":117,"column":0},"end":{"line":117,"column":20}},"117":{"start":{"line":118,"column":0},"end":{"line":118,"column":26}},"118":{"start":{"line":119,"column":0},"end":{"line":119,"column":32}},"119":{"start":{"line":120,"column":0},"end":{"line":120,"column":24}},"120":{"start":{"line":121,"column":0},"end":{"line":121,"column":8}},"121":{"start":{"line":122,"column":0},"end":{"line":122,"column":12}},"122":{"start":{"line":123,"column":0},"end":{"line":123,"column":7}},"123":{"start":{"line":124,"column":0},"end":{"line":124,"column":28}},"124":{"start":{"line":125,"column":0},"end":{"line":125,"column":25}},"125":{"start":{"line":126,"column":0},"end":{"line":126,"column":24}},"126":{"start":{"line":127,"column":0},"end":{"line":127,"column":63}},"127":{"start":{"line":128,"column":0},"end":{"line":128,"column":7}},"128":{"start":{"line":129,"column":0},"end":{"line":129,"column":18}},"129":{"start":{"line":130,"column":0},"end":{"line":130,"column":71}},"130":{"start":{"line":131,"column":0},"end":{"line":131,"column":3}},"131":{"start":{"line":132,"column":0},"end":{"line":132,"column":3}},"133":{"start":{"line":134,"column":0},"end":{"line":134,"column":64}},"134":{"start":{"line":135,"column":0},"end":{"line":135,"column":51}},"135":{"start":{"line":136,"column":0},"end":{"line":136,"column":3}},"137":{"start":{"line":138,"column":0},"end":{"line":138,"column":22}}},"s":{"0":1,"1":1,"2":1,"3":1,"4":1,"5":1,"6":1,"8":1,"10":1,"11":4,"12":4,"13":4,"14":1,"15":1,"16":1,"17":1,"18":1,"19":3,"21":3,"22":3,"23":3,"24":3,"25":3,"26":4,"27":1,"28":1,"29":1,"31":2,"32":2,"33":2,"34":2,"35":2,"36":2,"37":2,"38":2,"39":2,"40":2,"41":2,"43":2,"44":4,"45":0,"46":0,"47":0,"48":2,"49":2,"50":2,"51":2,"52":2,"54":2,"55":2,"56":2,"57":2,"58":2,"59":2,"60":2,"61":2,"62":2,"63":4,"64":0,"65":0,"66":0,"67":0,"68":0,"69":0,"70":0,"71":4,"73":1,"74":12,"75":12,"76":12,"77":1,"78":1,"79":1,"80":1,"81":1,"82":11,"84":11,"85":11,"86":11,"87":11,"88":11,"90":12,"92":12,"93":1,"94":1,"95":1,"97":10,"98":12,"99":1,"100":1,"101":1,"103":9,"104":12,"105":0,"106":0,"107":0,"108":9,"109":9,"110":9,"111":9,"112":9,"114":9,"115":9,"116":9,"117":9,"118":9,"119":9,"120":9,"121":9,"122":9,"123":12,"124":0,"125":0,"126":0,"127":0,"128":0,"129":0,"130":0,"131":12,"133":1,"134":0,"135":0,"137":1},"branchMap":{"0":{"type":"branch","line":11,"loc":{"start":{"line":11,"column":25},"end":{"line":72,"column":3}},"locations":[{"start":{"line":11,"column":25},"end":{"line":72,"column":3}}]},"1":{"type":"branch","line":14,"loc":{"start":{"line":14,"column":25},"end":{"line":19,"column":5}},"locations":[{"start":{"line":14,"column":25},"end":{"line":19,"column":5}}]},"2":{"type":"branch","line":19,"loc":{"start":{"line":19,"column":4},"end":{"line":27,"column":33}},"locations":[{"start":{"line":19,"column":4},"end":{"line":27,"column":33}}]},"3":{"type":"branch","line":27,"loc":{"start":{"line":27,"column":33},"end":{"line":45,"column":17}},"locations":[{"start":{"line":27,"column":33},"end":{"line":45,"column":17}}]},"4":{"type":"branch","line":27,"loc":{"start":{"line":27,"column":33},"end":{"line":30,"column":5}},"locations":[{"start":{"line":27,"column":33},"end":{"line":30,"column":5}}]},"5":{"type":"branch","line":45,"loc":{"start":{"line":45,"column":17},"end":{"line":48,"column":5}},"locations":[{"start":{"line":45,"column":17},"end":{"line":48,"column":5}}]},"6":{"type":"branch","line":48,"loc":{"start":{"line":48,"column":4},"end":{"line":64,"column":11}},"locations":[{"start":{"line":48,"column":4},"end":{"line":64,"column":11}}]},"7":{"type":"branch","line":64,"loc":{"start":{"line":64,"column":2},"end":{"line":71,"column":3}},"locations":[{"start":{"line":64,"column":2},"end":{"line":71,"column":3}}]},"8":{"type":"branch","line":74,"loc":{"start":{"line":74,"column":22},"end":{"line":132,"column":3}},"locations":[{"start":{"line":74,"column":22},"end":{"line":132,"column":3}}]},"9":{"type":"branch","line":77,"loc":{"start":{"line":77,"column":25},"end":{"line":82,"column":5}},"locations":[{"start":{"line":77,"column":25},"end":{"line":82,"column":5}}]},"10":{"type":"branch","line":82,"loc":{"start":{"line":82,"column":4},"end":{"line":91,"column":69}},"locations":[{"start":{"line":82,"column":4},"end":{"line":91,"column":69}}]},"11":{"type":"branch","line":91,"loc":{"start":{"line":91,"column":63},"end":{"line":91,"column":73}},"locations":[{"start":{"line":91,"column":63},"end":{"line":91,"column":73}}]},"12":{"type":"branch","line":93,"loc":{"start":{"line":93,"column":15},"end":{"line":96,"column":5}},"locations":[{"start":{"line":93,"column":15},"end":{"line":96,"column":5}}]},"13":{"type":"branch","line":96,"loc":{"start":{"line":96,"column":4},"end":{"line":99,"column":24}},"locations":[{"start":{"line":96,"column":4},"end":{"line":99,"column":24}}]},"14":{"type":"branch","line":99,"loc":{"start":{"line":99,"column":24},"end":{"line":105,"column":22}},"locations":[{"start":{"line":99,"column":24},"end":{"line":105,"column":22}}]},"15":{"type":"branch","line":99,"loc":{"start":{"line":99,"column":24},"end":{"line":102,"column":5}},"locations":[{"start":{"line":99,"column":24},"end":{"line":102,"column":5}}]},"16":{"type":"branch","line":105,"loc":{"start":{"line":105,"column":22},"end":{"line":108,"column":5}},"locations":[{"start":{"line":105,"column":22},"end":{"line":108,"column":5}}]},"17":{"type":"branch","line":108,"loc":{"start":{"line":108,"column":4},"end":{"line":124,"column":11}},"locations":[{"start":{"line":108,"column":4},"end":{"line":124,"column":11}}]},"18":{"type":"branch","line":124,"loc":{"start":{"line":124,"column":2},"end":{"line":131,"column":3}},"locations":[{"start":{"line":124,"column":2},"end":{"line":131,"column":3}}]}},"b":{"0":[4],"1":[1],"2":[3],"3":[2],"4":[1],"5":[0],"6":[2],"7":[0],"8":[12],"9":[1],"10":[11],"11":[10],"12":[1],"13":[10],"14":[9],"15":[1],"16":[0],"17":[9],"18":[0]},"fnMap":{},"f":{}}
,"D:\\Kumresh\\api\\routes\\bookings.ts": {"path":"D:\\Kumresh\\api\\routes\\bookings.ts","all":false,"statementMap":{"0":{"start":{"line":1,"column":0},"end":{"line":1,"column":62}},"1":{"start":{"line":2,"column":0},"end":{"line":2,"column":33}},"2":{"start":{"line":3,"column":0},"end":{"line":3,"column":58}},"3":{"start":{"line":4,"column":0},"end":{"line":4,"column":38}},"8":{"start":{"line":9,"column":0},"end":{"line":9,"column":28}},"12":{"start":{"line":13,"column":0},"end":{"line":13,"column":32}},"19":{"start":{"line":20,"column":0},"end":{"line":20,"column":24}},"22":{"start":{"line":23,"column":0},"end":{"line":23,"column":11}},"23":{"start":{"line":24,"column":0},"end":{"line":24,"column":6}},"24":{"start":{"line":25,"column":0},"end":{"line":25,"column":20}},"25":{"start":{"line":26,"column":0},"end":{"line":26,"column":43}},"26":{"start":{"line":27,"column":0},"end":{"line":27,"column":42}},"27":{"start":{"line":28,"column":0},"end":{"line":28,"column":9}},"28":{"start":{"line":29,"column":0},"end":{"line":29,"column":33}},"29":{"start":{"line":30,"column":0},"end":{"line":30,"column":59}},"30":{"start":{"line":31,"column":0},"end":{"line":31,"column":12}},"31":{"start":{"line":32,"column":0},"end":{"line":32,"column":35}},"32":{"start":{"line":33,"column":0},"end":{"line":33,"column":60}},"33":{"start":{"line":34,"column":0},"end":{"line":34,"column":13}},"34":{"start":{"line":35,"column":0},"end":{"line":35,"column":42}},"35":{"start":{"line":36,"column":0},"end":{"line":36,"column":34}},"36":{"start":{"line":37,"column":0},"end":{"line":37,"column":20}},"37":{"start":{"line":38,"column":0},"end":{"line":38,"column":40}},"39":{"start":{"line":40,"column":0},"end":{"line":40,"column":31}},"40":{"start":{"line":41,"column":0},"end":{"line":41,"column":18}},"41":{"start":{"line":42,"column":0},"end":{"line":42,"column":20}},"42":{"start":{"line":43,"column":0},"end":{"line":43,"column":21}},"43":{"start":{"line":44,"column":0},"end":{"line":44,"column":22}},"44":{"start":{"line":45,"column":0},"end":{"line":45,"column":20}},"45":{"start":{"line":46,"column":0},"end":{"line":46,"column":17}},"47":{"start":{"line":48,"column":0},"end":{"line":48,"column":20}},"48":{"start":{"line":49,"column":0},"end":{"line":49,"column":77}},"49":{"start":{"line":50,"column":0},"end":{"line":50,"column":42}},"50":{"start":{"line":51,"column":0},"end":{"line":51,"column":22}},"52":{"start":{"line":53,"column":0},"end":{"line":53,"column":69}},"54":{"start":{"line":55,"column":0},"end":{"line":55,"column":27}},"55":{"start":{"line":56,"column":0},"end":{"line":56,"column":17}},"56":{"start":{"line":57,"column":0},"end":{"line":57,"column":23}},"57":{"start":{"line":58,"column":0},"end":{"line":58,"column":21}},"58":{"start":{"line":59,"column":0},"end":{"line":59,"column":21}},"59":{"start":{"line":60,"column":0},"end":{"line":60,"column":24}},"60":{"start":{"line":61,"column":0},"end":{"line":61,"column":44}},"61":{"start":{"line":62,"column":0},"end":{"line":62,"column":30}},"62":{"start":{"line":63,"column":0},"end":{"line":63,"column":51}},"63":{"start":{"line":64,"column":0},"end":{"line":64,"column":26}},"64":{"start":{"line":65,"column":0},"end":{"line":65,"column":65}},"65":{"start":{"line":66,"column":0},"end":{"line":66,"column":9}},"66":{"start":{"line":67,"column":0},"end":{"line":67,"column":20}},"67":{"start":{"line":68,"column":0},"end":{"line":68,"column":73}},"68":{"start":{"line":69,"column":0},"end":{"line":69,"column":5}},"69":{"start":{"line":70,"column":0},"end":{"line":70,"column":4}},"70":{"start":{"line":71,"column":0},"end":{"line":71,"column":2}},"73":{"start":{"line":74,"column":0},"end":{"line":74,"column":11}},"74":{"start":{"line":75,"column":0},"end":{"line":75,"column":17}},"75":{"start":{"line":76,"column":0},"end":{"line":76,"column":20}},"76":{"start":{"line":77,"column":0},"end":{"line":77,"column":42}},"77":{"start":{"line":78,"column":0},"end":{"line":78,"column":9}},"78":{"start":{"line":79,"column":0},"end":{"line":79,"column":51}},"79":{"start":{"line":80,"column":0},"end":{"line":80,"column":20}},"80":{"start":{"line":81,"column":0},"end":{"line":81,"column":28}},"81":{"start":{"line":82,"column":0},"end":{"line":82,"column":15}},"82":{"start":{"line":83,"column":0},"end":{"line":83,"column":7}},"84":{"start":{"line":85,"column":0},"end":{"line":85,"column":33}},"85":{"start":{"line":86,"column":0},"end":{"line":86,"column":17}},"86":{"start":{"line":87,"column":0},"end":{"line":87,"column":23}},"87":{"start":{"line":88,"column":0},"end":{"line":88,"column":44}},"88":{"start":{"line":89,"column":0},"end":{"line":89,"column":27}},"89":{"start":{"line":90,"column":0},"end":{"line":90,"column":30}},"90":{"start":{"line":91,"column":0},"end":{"line":91,"column":49}},"91":{"start":{"line":92,"column":0},"end":{"line":92,"column":26}},"92":{"start":{"line":93,"column":0},"end":{"line":93,"column":65}},"93":{"start":{"line":94,"column":0},"end":{"line":94,"column":9}},"94":{"start":{"line":95,"column":0},"end":{"line":95,"column":20}},"95":{"start":{"line":96,"column":0},"end":{"line":96,"column":73}},"96":{"start":{"line":97,"column":0},"end":{"line":97,"column":5}},"97":{"start":{"line":98,"column":0},"end":{"line":98,"column":4}},"98":{"start":{"line":99,"column":0},"end":{"line":99,"column":2}},"101":{"start":{"line":102,"column":0},"end":{"line":102,"column":76}},"102":{"start":{"line":103,"column":0},"end":{"line":103,"column":7}},"103":{"start":{"line":104,"column":0},"end":{"line":104,"column":49}},"104":{"start":{"line":105,"column":0},"end":{"line":105,"column":18}},"105":{"start":{"line":106,"column":0},"end":{"line":106,"column":54}},"106":{"start":{"line":107,"column":0},"end":{"line":107,"column":13}},"107":{"start":{"line":108,"column":0},"end":{"line":108,"column":5}},"109":{"start":{"line":110,"column":0},"end":{"line":110,"column":59}},"110":{"start":{"line":111,"column":0},"end":{"line":111,"column":26}},"111":{"start":{"line":112,"column":0},"end":{"line":112,"column":9}},"112":{"start":{"line":113,"column":0},"end":{"line":113,"column":20}},"113":{"start":{"line":114,"column":0},"end":{"line":114,"column":77}},"114":{"start":{"line":115,"column":0},"end":{"line":115,"column":13}},"115":{"start":{"line":116,"column":0},"end":{"line":116,"column":5}},"116":{"start":{"line":117,"column":0},"end":{"line":117,"column":79}},"117":{"start":{"line":118,"column":0},"end":{"line":118,"column":18}},"118":{"start":{"line":119,"column":0},"end":{"line":119,"column":40}},"119":{"start":{"line":120,"column":0},"end":{"line":120,"column":42}},"120":{"start":{"line":121,"column":0},"end":{"line":121,"column":44}},"123":{"start":{"line":124,"column":0},"end":{"line":124,"column":31}},"124":{"start":{"line":125,"column":0},"end":{"line":125,"column":15}},"125":{"start":{"line":126,"column":0},"end":{"line":126,"column":18}},"126":{"start":{"line":127,"column":0},"end":{"line":127,"column":34}},"127":{"start":{"line":128,"column":0},"end":{"line":128,"column":16}},"129":{"start":{"line":130,"column":0},"end":{"line":130,"column":34}},"130":{"start":{"line":131,"column":0},"end":{"line":131,"column":56}},"131":{"start":{"line":132,"column":0},"end":{"line":132,"column":13}},"132":{"start":{"line":133,"column":0},"end":{"line":133,"column":5}},"134":{"start":{"line":135,"column":0},"end":{"line":135,"column":57}},"135":{"start":{"line":136,"column":0},"end":{"line":136,"column":25}},"136":{"start":{"line":137,"column":0},"end":{"line":137,"column":31}},"137":{"start":{"line":138,"column":0},"end":{"line":138,"column":17}},"138":{"start":{"line":139,"column":0},"end":{"line":139,"column":23}},"139":{"start":{"line":140,"column":0},"end":{"line":140,"column":59}},"140":{"start":{"line":141,"column":0},"end":{"line":141,"column":18}},"141":{"start":{"line":142,"column":0},"end":{"line":142,"column":32}},"142":{"start":{"line":143,"column":0},"end":{"line":143,"column":42}},"143":{"start":{"line":144,"column":0},"end":{"line":144,"column":15}},"144":{"start":{"line":145,"column":0},"end":{"line":145,"column":7}},"145":{"start":{"line":146,"column":0},"end":{"line":146,"column":5}},"147":{"start":{"line":148,"column":0},"end":{"line":148,"column":30}},"148":{"start":{"line":149,"column":0},"end":{"line":149,"column":80}},"149":{"start":{"line":150,"column":0},"end":{"line":150,"column":13}},"150":{"start":{"line":151,"column":0},"end":{"line":151,"column":5}},"153":{"start":{"line":154,"column":0},"end":{"line":154,"column":33}},"154":{"start":{"line":155,"column":0},"end":{"line":155,"column":15}},"155":{"start":{"line":156,"column":0},"end":{"line":156,"column":21}},"156":{"start":{"line":157,"column":0},"end":{"line":157,"column":42}},"157":{"start":{"line":158,"column":0},"end":{"line":158,"column":42}},"158":{"start":{"line":159,"column":0},"end":{"line":159,"column":44}},"159":{"start":{"line":160,"column":0},"end":{"line":160,"column":67}},"160":{"start":{"line":161,"column":0},"end":{"line":161,"column":59}},"161":{"start":{"line":162,"column":0},"end":{"line":162,"column":61}},"162":{"start":{"line":163,"column":0},"end":{"line":163,"column":68}},"163":{"start":{"line":164,"column":0},"end":{"line":164,"column":7}},"164":{"start":{"line":165,"column":0},"end":{"line":165,"column":21}},"165":{"start":{"line":166,"column":0},"end":{"line":166,"column":9}},"166":{"start":{"line":167,"column":0},"end":{"line":167,"column":20}},"167":{"start":{"line":168,"column":0},"end":{"line":168,"column":72}},"168":{"start":{"line":169,"column":0},"end":{"line":169,"column":13}},"169":{"start":{"line":170,"column":0},"end":{"line":170,"column":5}},"171":{"start":{"line":172,"column":0},"end":{"line":172,"column":33}},"172":{"start":{"line":173,"column":0},"end":{"line":173,"column":23}},"173":{"start":{"line":174,"column":0},"end":{"line":174,"column":15}},"174":{"start":{"line":175,"column":0},"end":{"line":175,"column":27}},"175":{"start":{"line":176,"column":0},"end":{"line":176,"column":15}},"176":{"start":{"line":177,"column":0},"end":{"line":177,"column":33}},"177":{"start":{"line":178,"column":0},"end":{"line":178,"column":35}},"178":{"start":{"line":179,"column":0},"end":{"line":179,"column":20}},"179":{"start":{"line":180,"column":0},"end":{"line":180,"column":26}},"180":{"start":{"line":181,"column":0},"end":{"line":181,"column":24}},"181":{"start":{"line":182,"column":0},"end":{"line":182,"column":47}},"182":{"start":{"line":183,"column":0},"end":{"line":183,"column":8}},"183":{"start":{"line":184,"column":0},"end":{"line":184,"column":19}},"185":{"start":{"line":186,"column":0},"end":{"line":186,"column":39}},"186":{"start":{"line":187,"column":0},"end":{"line":187,"column":28}},"187":{"start":{"line":188,"column":0},"end":{"line":188,"column":30}},"188":{"start":{"line":189,"column":0},"end":{"line":189,"column":32}},"189":{"start":{"line":190,"column":0},"end":{"line":190,"column":30}},"190":{"start":{"line":191,"column":0},"end":{"line":191,"column":16}},"191":{"start":{"line":192,"column":0},"end":{"line":192,"column":15}},"192":{"start":{"line":193,"column":0},"end":{"line":193,"column":20}},"193":{"start":{"line":194,"column":0},"end":{"line":194,"column":21}},"194":{"start":{"line":195,"column":0},"end":{"line":195,"column":20}},"195":{"start":{"line":196,"column":0},"end":{"line":196,"column":8}},"196":{"start":{"line":197,"column":0},"end":{"line":197,"column":7}},"198":{"start":{"line":199,"column":0},"end":{"line":199,"column":37}},"199":{"start":{"line":200,"column":0},"end":{"line":200,"column":28}},"200":{"start":{"line":201,"column":0},"end":{"line":201,"column":50}},"201":{"start":{"line":202,"column":0},"end":{"line":202,"column":54}},"202":{"start":{"line":203,"column":0},"end":{"line":203,"column":66}},"203":{"start":{"line":204,"column":0},"end":{"line":204,"column":67}},"204":{"start":{"line":205,"column":0},"end":{"line":205,"column":73}},"205":{"start":{"line":206,"column":0},"end":{"line":206,"column":5}},"206":{"start":{"line":207,"column":0},"end":{"line":207,"column":24}},"207":{"start":{"line":208,"column":0},"end":{"line":208,"column":63}},"208":{"start":{"line":209,"column":0},"end":{"line":209,"column":7}},"209":{"start":{"line":210,"column":0},"end":{"line":210,"column":18}},"210":{"start":{"line":211,"column":0},"end":{"line":211,"column":71}},"211":{"start":{"line":212,"column":0},"end":{"line":212,"column":3}},"212":{"start":{"line":213,"column":0},"end":{"line":213,"column":3}},"215":{"start":{"line":216,"column":0},"end":{"line":216,"column":11}},"216":{"start":{"line":217,"column":0},"end":{"line":217,"column":16}},"217":{"start":{"line":218,"column":0},"end":{"line":218,"column":20}},"218":{"start":{"line":219,"column":0},"end":{"line":219,"column":43}},"219":{"start":{"line":220,"column":0},"end":{"line":220,"column":42}},"220":{"start":{"line":221,"column":0},"end":{"line":221,"column":9}},"221":{"start":{"line":222,"column":0},"end":{"line":222,"column":61}},"222":{"start":{"line":223,"column":0},"end":{"line":223,"column":28}},"223":{"start":{"line":224,"column":0},"end":{"line":224,"column":11}},"224":{"start":{"line":225,"column":0},"end":{"line":225,"column":22}},"225":{"start":{"line":226,"column":0},"end":{"line":226,"column":79}},"226":{"start":{"line":227,"column":0},"end":{"line":227,"column":15}},"227":{"start":{"line":228,"column":0},"end":{"line":228,"column":7}},"228":{"start":{"line":229,"column":0},"end":{"line":229,"column":37}},"229":{"start":{"line":230,"column":0},"end":{"line":230,"column":40}},"230":{"start":{"line":231,"column":0},"end":{"line":231,"column":17}},"231":{"start":{"line":232,"column":0},"end":{"line":232,"column":23}},"232":{"start":{"line":233,"column":0},"end":{"line":233,"column":46}},"233":{"start":{"line":234,"column":0},"end":{"line":234,"column":18}},"234":{"start":{"line":235,"column":0},"end":{"line":235,"column":29}},"235":{"start":{"line":236,"column":0},"end":{"line":236,"column":61}},"236":{"start":{"line":237,"column":0},"end":{"line":237,"column":15}},"237":{"start":{"line":238,"column":0},"end":{"line":238,"column":7}},"239":{"start":{"line":240,"column":0},"end":{"line":240,"column":39}},"240":{"start":{"line":241,"column":0},"end":{"line":241,"column":25}},"241":{"start":{"line":242,"column":0},"end":{"line":242,"column":24}},"242":{"start":{"line":243,"column":0},"end":{"line":243,"column":46}},"243":{"start":{"line":244,"column":0},"end":{"line":244,"column":21}},"244":{"start":{"line":245,"column":0},"end":{"line":245,"column":28}},"245":{"start":{"line":246,"column":0},"end":{"line":246,"column":61}},"246":{"start":{"line":247,"column":0},"end":{"line":247,"column":15}},"247":{"start":{"line":248,"column":0},"end":{"line":248,"column":7}},"248":{"start":{"line":249,"column":0},"end":{"line":249,"column":58}},"249":{"start":{"line":250,"column":0},"end":{"line":250,"column":41}},"250":{"start":{"line":251,"column":0},"end":{"line":251,"column":30}},"251":{"start":{"line":252,"column":0},"end":{"line":252,"column":36}},"252":{"start":{"line":253,"column":0},"end":{"line":253,"column":41}},"253":{"start":{"line":254,"column":0},"end":{"line":254,"column":27}},"254":{"start":{"line":255,"column":0},"end":{"line":255,"column":18}},"255":{"start":{"line":256,"column":0},"end":{"line":256,"column":49}},"256":{"start":{"line":257,"column":0},"end":{"line":257,"column":28}},"257":{"start":{"line":258,"column":0},"end":{"line":258,"column":10}},"258":{"start":{"line":259,"column":0},"end":{"line":259,"column":9}},"259":{"start":{"line":260,"column":0},"end":{"line":260,"column":31}},"260":{"start":{"line":261,"column":0},"end":{"line":261,"column":30}},"261":{"start":{"line":262,"column":0},"end":{"line":262,"column":27}},"262":{"start":{"line":263,"column":0},"end":{"line":263,"column":63}},"263":{"start":{"line":264,"column":0},"end":{"line":264,"column":5}},"264":{"start":{"line":265,"column":0},"end":{"line":265,"column":4}},"265":{"start":{"line":266,"column":0},"end":{"line":266,"column":2}},"268":{"start":{"line":269,"column":0},"end":{"line":269,"column":12}},"269":{"start":{"line":270,"column":0},"end":{"line":270,"column":16}},"270":{"start":{"line":271,"column":0},"end":{"line":271,"column":20}},"271":{"start":{"line":272,"column":0},"end":{"line":272,"column":42}},"272":{"start":{"line":273,"column":0},"end":{"line":273,"column":9}},"273":{"start":{"line":274,"column":0},"end":{"line":274,"column":51}},"274":{"start":{"line":275,"column":0},"end":{"line":275,"column":20}},"275":{"start":{"line":276,"column":0},"end":{"line":276,"column":56}},"276":{"start":{"line":277,"column":0},"end":{"line":277,"column":15}},"277":{"start":{"line":278,"column":0},"end":{"line":278,"column":7}},"278":{"start":{"line":279,"column":0},"end":{"line":279,"column":38}},"280":{"start":{"line":281,"column":0},"end":{"line":281,"column":32}},"281":{"start":{"line":282,"column":0},"end":{"line":282,"column":17}},"282":{"start":{"line":283,"column":0},"end":{"line":283,"column":23}},"283":{"start":{"line":284,"column":0},"end":{"line":284,"column":76}},"284":{"start":{"line":285,"column":0},"end":{"line":285,"column":18}},"286":{"start":{"line":287,"column":0},"end":{"line":287,"column":21}},"287":{"start":{"line":288,"column":0},"end":{"line":288,"column":61}},"288":{"start":{"line":289,"column":0},"end":{"line":289,"column":15}},"289":{"start":{"line":290,"column":0},"end":{"line":290,"column":7}},"291":{"start":{"line":292,"column":0},"end":{"line":292,"column":43}},"292":{"start":{"line":293,"column":0},"end":{"line":293,"column":72}},"293":{"start":{"line":294,"column":0},"end":{"line":294,"column":15}},"294":{"start":{"line":295,"column":0},"end":{"line":295,"column":7}},"296":{"start":{"line":297,"column":0},"end":{"line":297,"column":67}},"297":{"start":{"line":298,"column":0},"end":{"line":298,"column":30}},"298":{"start":{"line":299,"column":0},"end":{"line":299,"column":16}},"299":{"start":{"line":300,"column":0},"end":{"line":300,"column":76}},"300":{"start":{"line":301,"column":0},"end":{"line":301,"column":11}},"301":{"start":{"line":302,"column":0},"end":{"line":302,"column":15}},"302":{"start":{"line":303,"column":0},"end":{"line":303,"column":7}},"304":{"start":{"line":305,"column":0},"end":{"line":305,"column":39}},"305":{"start":{"line":306,"column":0},"end":{"line":306,"column":25}},"306":{"start":{"line":307,"column":0},"end":{"line":307,"column":37}},"307":{"start":{"line":308,"column":0},"end":{"line":308,"column":42}},"308":{"start":{"line":309,"column":0},"end":{"line":309,"column":21}},"310":{"start":{"line":311,"column":0},"end":{"line":311,"column":41}},"311":{"start":{"line":312,"column":0},"end":{"line":312,"column":30}},"312":{"start":{"line":313,"column":0},"end":{"line":313,"column":28}},"313":{"start":{"line":314,"column":0},"end":{"line":314,"column":36}},"314":{"start":{"line":315,"column":0},"end":{"line":315,"column":28}},"315":{"start":{"line":316,"column":0},"end":{"line":316,"column":18}},"316":{"start":{"line":317,"column":0},"end":{"line":317,"column":41}},"317":{"start":{"line":318,"column":0},"end":{"line":318,"column":10}},"318":{"start":{"line":319,"column":0},"end":{"line":319,"column":9}},"320":{"start":{"line":321,"column":0},"end":{"line":321,"column":31}},"321":{"start":{"line":322,"column":0},"end":{"line":322,"column":30}},"322":{"start":{"line":323,"column":0},"end":{"line":323,"column":27}},"323":{"start":{"line":324,"column":0},"end":{"line":324,"column":63}},"324":{"start":{"line":325,"column":0},"end":{"line":325,"column":5}},"325":{"start":{"line":326,"column":0},"end":{"line":326,"column":4}},"326":{"start":{"line":327,"column":0},"end":{"line":327,"column":2}},"328":{"start":{"line":329,"column":0},"end":{"line":329,"column":22}}},"s":{"0":1,"1":1,"2":1,"3":1,"8":1,"12":1,"19":1,"22":1,"23":1,"24":1,"25":1,"26":1,"27":3,"28":3,"29":1,"30":2,"31":3,"32":1,"33":2,"34":3,"35":1,"36":2,"37":3,"39":3,"40":3,"41":3,"42":3,"43":3,"44":3,"45":3,"47":3,"48":3,"49":1,"50":2,"52":3,"54":3,"55":3,"56":3,"57":3,"58":3,"59":3,"60":3,"61":3,"62":0,"63":0,"64":0,"65":0,"66":0,"67":0,"68":0,"69":3,"70":1,"73":1,"74":1,"75":1,"76":1,"77":1,"78":1,"79":1,"80":0,"81":0,"82":0,"84":1,"85":1,"86":1,"87":1,"88":1,"89":1,"90":0,"91":0,"92":0,"93":0,"94":0,"95":0,"96":0,"97":1,"98":1,"101":1,"102":10,"103":10,"104":10,"105":0,"106":0,"107":0,"109":10,"110":10,"111":1,"112":1,"113":1,"114":1,"115":1,"116":9,"117":9,"118":9,"119":9,"120":9,"123":9,"124":9,"125":9,"126":9,"127":9,"129":10,"130":1,"131":1,"132":1,"134":8,"135":10,"136":2,"137":2,"138":2,"139":2,"140":2,"141":2,"142":1,"143":1,"144":1,"145":2,"147":10,"148":1,"149":1,"150":1,"153":6,"154":6,"155":6,"156":6,"157":6,"158":6,"159":6,"160":11,"161":11,"162":11,"163":6,"164":10,"165":1,"166":1,"167":1,"168":1,"169":1,"171":5,"172":5,"173":5,"174":5,"175":5,"176":5,"177":5,"178":5,"179":5,"180":5,"181":10,"182":10,"183":10,"185":5,"186":5,"187":5,"188":5,"189":5,"190":5,"191":5,"192":5,"193":5,"194":5,"195":5,"196":5,"198":5,"199":10,"200":0,"201":0,"202":0,"203":0,"204":0,"205":0,"206":0,"207":0,"208":0,"209":0,"210":0,"211":0,"212":10,"215":1,"216":1,"217":1,"218":1,"219":1,"220":2,"221":2,"222":2,"223":1,"224":1,"225":1,"226":1,"227":1,"228":1,"229":1,"230":1,"231":1,"232":1,"233":1,"234":2,"235":0,"236":0,"237":0,"239":1,"240":1,"241":1,"242":1,"243":1,"244":2,"245":0,"246":0,"247":0,"248":2,"249":2,"250":2,"251":2,"252":2,"253":2,"254":2,"255":2,"256":2,"257":2,"258":2,"259":1,"260":2,"261":0,"262":0,"263":0,"264":2,"265":1,"268":1,"269":1,"270":1,"271":1,"272":6,"273":6,"274":6,"275":0,"276":0,"277":0,"278":6,"280":6,"281":6,"282":6,"283":6,"284":6,"286":6,"287":2,"288":2,"289":2,"291":6,"292":1,"293":1,"294":1,"296":6,"297":1,"298":1,"299":1,"300":1,"301":1,"302":1,"304":2,"305":2,"306":2,"307":2,"308":2,"310":2,"311":2,"312":2,"313":2,"314":2,"315":2,"316":2,"317":2,"318":2,"320":2,"321":6,"322":0,"323":0,"324":0,"325":6,"326":1,"328":1},"branchMap":{"0":{"type":"branch","line":27,"loc":{"start":{"line":27,"column":2},"end":{"line":70,"column":4}},"locations":[{"start":{"line":27,"column":2},"end":{"line":70,"column":4}}]},"1":{"type":"branch","line":29,"loc":{"start":{"line":29,"column":29},"end":{"line":30,"column":59}},"locations":[{"start":{"line":29,"column":29},"end":{"line":30,"column":59}}]},"2":{"type":"branch","line":30,"loc":{"start":{"line":30,"column":58},"end":{"line":31,"column":12}},"locations":[{"start":{"line":30,"column":58},"end":{"line":31,"column":12}}]},"3":{"type":"branch","line":32,"loc":{"start":{"line":32,"column":30},"end":{"line":33,"column":60}},"locations":[{"start":{"line":32,"column":30},"end":{"line":33,"column":60}}]},"4":{"type":"branch","line":33,"loc":{"start":{"line":33,"column":59},"end":{"line":34,"column":13}},"locations":[{"start":{"line":33,"column":59},"end":{"line":34,"column":13}}]},"5":{"type":"branch","line":35,"loc":{"start":{"line":35,"column":36},"end":{"line":36,"column":34}},"locations":[{"start":{"line":35,"column":36},"end":{"line":36,"column":34}}]},"6":{"type":"branch","line":36,"loc":{"start":{"line":36,"column":33},"end":{"line":37,"column":20}},"locations":[{"start":{"line":36,"column":33},"end":{"line":37,"column":20}}]},"7":{"type":"branch","line":49,"loc":{"start":{"line":49,"column":8},"end":{"line":49,"column":77}},"locations":[{"start":{"line":49,"column":8},"end":{"line":49,"column":77}}]},"8":{"type":"branch","line":49,"loc":{"start":{"line":49,"column":76},"end":{"line":50,"column":42}},"locations":[{"start":{"line":49,"column":76},"end":{"line":50,"column":42}}]},"9":{"type":"branch","line":50,"loc":{"start":{"line":50,"column":13},"end":{"line":51,"column":22}},"locations":[{"start":{"line":50,"column":13},"end":{"line":51,"column":22}}]},"10":{"type":"branch","line":53,"loc":{"start":{"line":53,"column":20},"end":{"line":53,"column":59}},"locations":[{"start":{"line":53,"column":20},"end":{"line":53,"column":59}}]},"11":{"type":"branch","line":53,"loc":{"start":{"line":53,"column":55},"end":{"line":53,"column":69}},"locations":[{"start":{"line":53,"column":55},"end":{"line":53,"column":69}}]},"12":{"type":"branch","line":62,"loc":{"start":{"line":62,"column":4},"end":{"line":69,"column":5}},"locations":[{"start":{"line":62,"column":4},"end":{"line":69,"column":5}}]},"13":{"type":"branch","line":77,"loc":{"start":{"line":77,"column":2},"end":{"line":98,"column":4}},"locations":[{"start":{"line":77,"column":2},"end":{"line":98,"column":4}}]},"14":{"type":"branch","line":80,"loc":{"start":{"line":80,"column":19},"end":{"line":83,"column":7}},"locations":[{"start":{"line":80,"column":19},"end":{"line":83,"column":7}}]},"15":{"type":"branch","line":90,"loc":{"start":{"line":90,"column":4},"end":{"line":97,"column":5}},"locations":[{"start":{"line":90,"column":4},"end":{"line":97,"column":5}}]},"16":{"type":"branch","line":102,"loc":{"start":{"line":102,"column":36},"end":{"line":213,"column":3}},"locations":[{"start":{"line":102,"column":36},"end":{"line":213,"column":3}}]},"17":{"type":"branch","line":105,"loc":{"start":{"line":105,"column":17},"end":{"line":108,"column":5}},"locations":[{"start":{"line":105,"column":17},"end":{"line":108,"column":5}}]},"18":{"type":"branch","line":111,"loc":{"start":{"line":111,"column":25},"end":{"line":116,"column":5}},"locations":[{"start":{"line":111,"column":25},"end":{"line":116,"column":5}}]},"19":{"type":"branch","line":116,"loc":{"start":{"line":116,"column":4},"end":{"line":130,"column":33}},"locations":[{"start":{"line":116,"column":4},"end":{"line":130,"column":33}}]},"20":{"type":"branch","line":130,"loc":{"start":{"line":130,"column":33},"end":{"line":133,"column":5}},"locations":[{"start":{"line":130,"column":33},"end":{"line":133,"column":5}}]},"21":{"type":"branch","line":133,"loc":{"start":{"line":133,"column":4},"end":{"line":136,"column":24}},"locations":[{"start":{"line":133,"column":4},"end":{"line":136,"column":24}}]},"22":{"type":"branch","line":136,"loc":{"start":{"line":136,"column":24},"end":{"line":146,"column":5}},"locations":[{"start":{"line":136,"column":24},"end":{"line":146,"column":5}}]},"23":{"type":"branch","line":142,"loc":{"start":{"line":142,"column":31},"end":{"line":145,"column":7}},"locations":[{"start":{"line":142,"column":31},"end":{"line":145,"column":7}}]},"24":{"type":"branch","line":146,"loc":{"start":{"line":146,"column":4},"end":{"line":148,"column":29}},"locations":[{"start":{"line":146,"column":4},"end":{"line":148,"column":29}}]},"25":{"type":"branch","line":148,"loc":{"start":{"line":148,"column":29},"end":{"line":151,"column":5}},"locations":[{"start":{"line":148,"column":29},"end":{"line":151,"column":5}}]},"26":{"type":"branch","line":151,"loc":{"start":{"line":151,"column":4},"end":{"line":165,"column":20}},"locations":[{"start":{"line":151,"column":4},"end":{"line":165,"column":20}}]},"27":{"type":"branch","line":165,"loc":{"start":{"line":165,"column":20},"end":{"line":170,"column":5}},"locations":[{"start":{"line":165,"column":20},"end":{"line":170,"column":5}}]},"28":{"type":"branch","line":170,"loc":{"start":{"line":170,"column":4},"end":{"line":182,"column":42}},"locations":[{"start":{"line":170,"column":4},"end":{"line":182,"column":42}}]},"29":{"type":"branch","line":182,"loc":{"start":{"line":182,"column":24},"end":{"line":182,"column":47}},"locations":[{"start":{"line":182,"column":24},"end":{"line":182,"column":47}}]},"30":{"type":"branch","line":184,"loc":{"start":{"line":184,"column":17},"end":{"line":200,"column":11}},"locations":[{"start":{"line":184,"column":17},"end":{"line":200,"column":11}}]},"31":{"type":"branch","line":200,"loc":{"start":{"line":200,"column":2},"end":{"line":212,"column":3}},"locations":[{"start":{"line":200,"column":2},"end":{"line":212,"column":3}}]},"32":{"type":"branch","line":160,"loc":{"start":{"line":160,"column":59},"end":{"line":164,"column":5}},"locations":[{"start":{"line":160,"column":59},"end":{"line":164,"column":5}}]},"33":{"type":"branch","line":220,"loc":{"start":{"line":220,"column":2},"end":{"line":265,"column":4}},"locations":[{"start":{"line":220,"column":2},"end":{"line":265,"column":4}}]},"34":{"type":"branch","line":223,"loc":{"start":{"line":223,"column":27},"end":{"line":235,"column":28}},"locations":[{"start":{"line":223,"column":27},"end":{"line":235,"column":28}}]},"35":{"type":"branch","line":235,"loc":{"start":{"line":235,"column":28},"end":{"line":238,"column":7}},"locations":[{"start":{"line":235,"column":28},"end":{"line":238,"column":7}}]},"36":{"type":"branch","line":238,"loc":{"start":{"line":238,"column":6},"end":{"line":245,"column":27}},"locations":[{"start":{"line":238,"column":6},"end":{"line":245,"column":27}}]},"37":{"type":"branch","line":245,"loc":{"start":{"line":245,"column":27},"end":{"line":248,"column":7}},"locations":[{"start":{"line":245,"column":27},"end":{"line":248,"column":7}}]},"38":{"type":"branch","line":248,"loc":{"start":{"line":248,"column":6},"end":{"line":249,"column":53}},"locations":[{"start":{"line":248,"column":6},"end":{"line":249,"column":53}}]},"39":{"type":"branch","line":249,"loc":{"start":{"line":249,"column":47},"end":{"line":249,"column":58}},"locations":[{"start":{"line":249,"column":47},"end":{"line":249,"column":58}}]},"40":{"type":"branch","line":259,"loc":{"start":{"line":259,"column":7},"end":{"line":261,"column":13}},"locations":[{"start":{"line":259,"column":7},"end":{"line":261,"column":13}}]},"41":{"type":"branch","line":261,"loc":{"start":{"line":261,"column":4},"end":{"line":264,"column":5}},"locations":[{"start":{"line":261,"column":4},"end":{"line":264,"column":5}}]},"42":{"type":"branch","line":272,"loc":{"start":{"line":272,"column":2},"end":{"line":326,"column":4}},"locations":[{"start":{"line":272,"column":2},"end":{"line":326,"column":4}}]},"43":{"type":"branch","line":275,"loc":{"start":{"line":275,"column":19},"end":{"line":278,"column":7}},"locations":[{"start":{"line":275,"column":19},"end":{"line":278,"column":7}}]},"44":{"type":"branch","line":287,"loc":{"start":{"line":287,"column":20},"end":{"line":290,"column":7}},"locations":[{"start":{"line":287,"column":20},"end":{"line":290,"column":7}}]},"45":{"type":"branch","line":290,"loc":{"start":{"line":290,"column":6},"end":{"line":292,"column":42}},"locations":[{"start":{"line":290,"column":6},"end":{"line":292,"column":42}}]},"46":{"type":"branch","line":292,"loc":{"start":{"line":292,"column":42},"end":{"line":295,"column":7}},"locations":[{"start":{"line":292,"column":42},"end":{"line":295,"column":7}}]},"47":{"type":"branch","line":295,"loc":{"start":{"line":295,"column":6},"end":{"line":297,"column":66}},"locations":[{"start":{"line":295,"column":6},"end":{"line":297,"column":66}}]},"48":{"type":"branch","line":297,"loc":{"start":{"line":297,"column":66},"end":{"line":303,"column":7}},"locations":[{"start":{"line":297,"column":66},"end":{"line":303,"column":7}}]},"49":{"type":"branch","line":303,"loc":{"start":{"line":303,"column":6},"end":{"line":322,"column":13}},"locations":[{"start":{"line":303,"column":6},"end":{"line":322,"column":13}}]},"50":{"type":"branch","line":322,"loc":{"start":{"line":322,"column":4},"end":{"line":325,"column":5}},"locations":[{"start":{"line":322,"column":4},"end":{"line":325,"column":5}}]}},"b":{"0":[3],"1":[1],"2":[2],"3":[1],"4":[2],"5":[1],"6":[2],"7":[1],"8":[1],"9":[2],"10":[1],"11":[2],"12":[0],"13":[1],"14":[0],"15":[0],"16":[10],"17":[0],"18":[1],"19":[9],"20":[1],"21":[8],"22":[2],"23":[1],"24":[7],"25":[1],"26":[6],"27":[1],"28":[5],"29":[4],"30":[5],"31":[0],"32":[11],"33":[2],"34":[1],"35":[0],"36":[1],"37":[0],"38":[1],"39":[0],"40":[1],"41":[0],"42":[6],"43":[0],"44":[2],"45":[4],"46":[1],"47":[3],"48":[1],"49":[2],"50":[0]},"fnMap":{},"f":{}}
,"D:\\Kumresh\\api\\routes\\payments.ts": {"path":"D:\\Kumresh\\api\\routes\\payments.ts","all":false,"statementMap":{"0":{"start":{"line":1,"column":0},"end":{"line":1,"column":62}},"1":{"start":{"line":2,"column":0},"end":{"line":2,"column":33}},"2":{"start":{"line":3,"column":0},"end":{"line":3,"column":51}},"3":{"start":{"line":4,"column":0},"end":{"line":4,"column":33}},"8":{"start":{"line":9,"column":0},"end":{"line":9,"column":28}},"12":{"start":{"line":13,"column":0},"end":{"line":13,"column":32}},"14":{"start":{"line":15,"column":0},"end":{"line":15,"column":24}},"16":{"start":{"line":17,"column":0},"end":{"line":17,"column":11}},"17":{"start":{"line":18,"column":0},"end":{"line":18,"column":6}},"18":{"start":{"line":19,"column":0},"end":{"line":19,"column":20}},"19":{"start":{"line":20,"column":0},"end":{"line":20,"column":43}},"20":{"start":{"line":21,"column":0},"end":{"line":21,"column":43}},"21":{"start":{"line":22,"column":0},"end":{"line":22,"column":9}},"22":{"start":{"line":23,"column":0},"end":{"line":23,"column":52}},"23":{"start":{"line":24,"column":0},"end":{"line":24,"column":21}},"24":{"start":{"line":25,"column":0},"end":{"line":25,"column":30}},"25":{"start":{"line":26,"column":0},"end":{"line":26,"column":27}},"26":{"start":{"line":27,"column":0},"end":{"line":27,"column":26}},"27":{"start":{"line":28,"column":0},"end":{"line":28,"column":65}},"28":{"start":{"line":29,"column":0},"end":{"line":29,"column":9}},"29":{"start":{"line":30,"column":0},"end":{"line":30,"column":20}},"30":{"start":{"line":31,"column":0},"end":{"line":31,"column":73}},"31":{"start":{"line":32,"column":0},"end":{"line":32,"column":5}},"32":{"start":{"line":33,"column":0},"end":{"line":33,"column":4}},"33":{"start":{"line":34,"column":0},"end":{"line":34,"column":2}},"35":{"start":{"line":36,"column":0},"end":{"line":36,"column":12}},"36":{"start":{"line":37,"column":0},"end":{"line":37,"column":6}},"37":{"start":{"line":38,"column":0},"end":{"line":38,"column":20}},"38":{"start":{"line":39,"column":0},"end":{"line":39,"column":43}},"39":{"start":{"line":40,"column":0},"end":{"line":40,"column":42}},"40":{"start":{"line":41,"column":0},"end":{"line":41,"column":9}},"41":{"start":{"line":42,"column":0},"end":{"line":42,"column":61}},"42":{"start":{"line":43,"column":0},"end":{"line":43,"column":28}},"43":{"start":{"line":44,"column":0},"end":{"line":44,"column":11}},"44":{"start":{"line":45,"column":0},"end":{"line":45,"column":22}},"45":{"start":{"line":46,"column":0},"end":{"line":46,"column":79}},"46":{"start":{"line":47,"column":0},"end":{"line":47,"column":15}},"47":{"start":{"line":48,"column":0},"end":{"line":48,"column":7}},"48":{"start":{"line":49,"column":0},"end":{"line":49,"column":77}},"49":{"start":{"line":50,"column":0},"end":{"line":50,"column":26}},"50":{"start":{"line":51,"column":0},"end":{"line":51,"column":25}},"51":{"start":{"line":52,"column":0},"end":{"line":52,"column":67}},"52":{"start":{"line":53,"column":0},"end":{"line":53,"column":21}},"53":{"start":{"line":54,"column":0},"end":{"line":54,"column":64}},"54":{"start":{"line":55,"column":0},"end":{"line":55,"column":41}},"55":{"start":{"line":56,"column":0},"end":{"line":56,"column":30}},"56":{"start":{"line":57,"column":0},"end":{"line":57,"column":23}},"57":{"start":{"line":58,"column":0},"end":{"line":58,"column":34}},"58":{"start":{"line":59,"column":0},"end":{"line":59,"column":20}},"59":{"start":{"line":60,"column":0},"end":{"line":60,"column":18}},"60":{"start":{"line":61,"column":0},"end":{"line":61,"column":20}},"61":{"start":{"line":62,"column":0},"end":{"line":62,"column":17}},"62":{"start":{"line":63,"column":0},"end":{"line":63,"column":19}},"63":{"start":{"line":64,"column":0},"end":{"line":64,"column":17}},"64":{"start":{"line":65,"column":0},"end":{"line":65,"column":10}},"65":{"start":{"line":66,"column":0},"end":{"line":66,"column":9}},"66":{"start":{"line":67,"column":0},"end":{"line":67,"column":30}},"67":{"start":{"line":68,"column":0},"end":{"line":68,"column":30}},"68":{"start":{"line":69,"column":0},"end":{"line":69,"column":27}},"69":{"start":{"line":70,"column":0},"end":{"line":70,"column":26}},"70":{"start":{"line":71,"column":0},"end":{"line":71,"column":65}},"71":{"start":{"line":72,"column":0},"end":{"line":72,"column":9}},"72":{"start":{"line":73,"column":0},"end":{"line":73,"column":20}},"73":{"start":{"line":74,"column":0},"end":{"line":74,"column":73}},"74":{"start":{"line":75,"column":0},"end":{"line":75,"column":5}},"75":{"start":{"line":76,"column":0},"end":{"line":76,"column":4}},"76":{"start":{"line":77,"column":0},"end":{"line":77,"column":2}},"78":{"start":{"line":79,"column":0},"end":{"line":79,"column":11}},"79":{"start":{"line":80,"column":0},"end":{"line":80,"column":16}},"80":{"start":{"line":81,"column":0},"end":{"line":81,"column":20}},"81":{"start":{"line":82,"column":0},"end":{"line":82,"column":43}},"82":{"start":{"line":83,"column":0},"end":{"line":83,"column":42}},"83":{"start":{"line":84,"column":0},"end":{"line":84,"column":9}},"84":{"start":{"line":85,"column":0},"end":{"line":85,"column":67}},"85":{"start":{"line":86,"column":0},"end":{"line":86,"column":28}},"86":{"start":{"line":87,"column":0},"end":{"line":87,"column":11}},"87":{"start":{"line":88,"column":0},"end":{"line":88,"column":22}},"88":{"start":{"line":89,"column":0},"end":{"line":89,"column":79}},"89":{"start":{"line":90,"column":0},"end":{"line":90,"column":15}},"90":{"start":{"line":91,"column":0},"end":{"line":91,"column":7}},"91":{"start":{"line":92,"column":0},"end":{"line":92,"column":37}},"92":{"start":{"line":93,"column":0},"end":{"line":93,"column":33}},"93":{"start":{"line":94,"column":0},"end":{"line":94,"column":17}},"94":{"start":{"line":95,"column":0},"end":{"line":95,"column":23}},"95":{"start":{"line":96,"column":0},"end":{"line":96,"column":46}},"96":{"start":{"line":97,"column":0},"end":{"line":97,"column":18}},"97":{"start":{"line":98,"column":0},"end":{"line":98,"column":22}},"98":{"start":{"line":99,"column":0},"end":{"line":99,"column":61}},"99":{"start":{"line":100,"column":0},"end":{"line":100,"column":15}},"100":{"start":{"line":101,"column":0},"end":{"line":101,"column":7}},"102":{"start":{"line":103,"column":0},"end":{"line":103,"column":26}},"103":{"start":{"line":104,"column":0},"end":{"line":104,"column":25}},"104":{"start":{"line":105,"column":0},"end":{"line":105,"column":24}},"105":{"start":{"line":106,"column":0},"end":{"line":106,"column":46}},"106":{"start":{"line":107,"column":0},"end":{"line":107,"column":21}},"108":{"start":{"line":109,"column":0},"end":{"line":109,"column":15}},"109":{"start":{"line":110,"column":0},"end":{"line":110,"column":61}},"110":{"start":{"line":111,"column":0},"end":{"line":111,"column":15}},"111":{"start":{"line":112,"column":0},"end":{"line":112,"column":7}},"113":{"start":{"line":114,"column":0},"end":{"line":114,"column":64}},"114":{"start":{"line":115,"column":0},"end":{"line":115,"column":41}},"115":{"start":{"line":116,"column":0},"end":{"line":116,"column":30}},"116":{"start":{"line":117,"column":0},"end":{"line":117,"column":23}},"117":{"start":{"line":118,"column":0},"end":{"line":118,"column":41}},"118":{"start":{"line":119,"column":0},"end":{"line":119,"column":20}},"119":{"start":{"line":120,"column":0},"end":{"line":120,"column":18}},"120":{"start":{"line":121,"column":0},"end":{"line":121,"column":42}},"121":{"start":{"line":122,"column":0},"end":{"line":122,"column":28}},"122":{"start":{"line":123,"column":0},"end":{"line":123,"column":10}},"123":{"start":{"line":124,"column":0},"end":{"line":124,"column":9}},"125":{"start":{"line":126,"column":0},"end":{"line":126,"column":18}},"126":{"start":{"line":127,"column":0},"end":{"line":127,"column":30}},"127":{"start":{"line":128,"column":0},"end":{"line":128,"column":27}},"128":{"start":{"line":129,"column":0},"end":{"line":129,"column":26}},"129":{"start":{"line":130,"column":0},"end":{"line":130,"column":65}},"130":{"start":{"line":131,"column":0},"end":{"line":131,"column":9}},"131":{"start":{"line":132,"column":0},"end":{"line":132,"column":20}},"132":{"start":{"line":133,"column":0},"end":{"line":133,"column":73}},"133":{"start":{"line":134,"column":0},"end":{"line":134,"column":5}},"134":{"start":{"line":135,"column":0},"end":{"line":135,"column":4}},"135":{"start":{"line":136,"column":0},"end":{"line":136,"column":2}},"137":{"start":{"line":138,"column":0},"end":{"line":138,"column":22}}},"s":{"0":1,"1":1,"2":1,"3":1,"8":1,"12":1,"14":1,"16":1,"17":1,"18":1,"19":1,"20":1,"21":1,"22":1,"23":1,"24":1,"25":0,"26":0,"27":0,"28":0,"29":0,"30":0,"31":0,"32":1,"33":1,"35":1,"36":1,"37":1,"38":1,"39":1,"40":2,"41":2,"42":2,"43":1,"44":1,"45":1,"46":1,"47":1,"48":1,"49":1,"50":1,"51":1,"52":1,"53":2,"54":2,"55":2,"56":2,"57":2,"58":2,"59":2,"60":2,"61":2,"62":2,"63":2,"64":2,"65":2,"66":1,"67":2,"68":0,"69":0,"70":0,"71":0,"72":0,"73":0,"74":0,"75":2,"76":1,"78":1,"79":1,"80":1,"81":1,"82":1,"83":2,"84":2,"85":2,"86":0,"87":0,"88":0,"89":0,"90":0,"91":2,"92":2,"93":2,"94":2,"95":2,"96":2,"97":2,"98":1,"99":1,"100":1,"102":1,"103":1,"104":1,"105":1,"106":1,"108":2,"109":0,"110":0,"111":0,"113":2,"114":2,"115":2,"116":2,"117":2,"118":2,"119":2,"120":2,"121":2,"122":2,"123":2,"125":1,"126":2,"127":0,"128":0,"129":0,"130":0,"131":0,"132":0,"133":0,"134":2,"135":1,"137":1},"branchMap":{"0":{"type":"branch","line":21,"loc":{"start":{"line":21,"column":2},
[...]
{"line":9,"column":28}},"9":{"start":{"line":10,"column":0},"end":{"line":10,"column":24}},"11":{"start":{"line":12,"column":0},"end":{"line":12,"column":24}},"14":{"start":{"line":15,"column":0},"end":{"line":15,"column":35}},"15":{"start":{"line":16,"column":0},"end":{"line":16,"column":41}},"16":{"start":{"line":17,"column":0},"end":{"line":17,"column":37}},"17":{"start":{"line":18,"column":0},"end":{"line":18,"column":3}},"20":{"start":{"line":21,"column":0},"end":{"line":21,"column":11}},"21":{"start":{"line":22,"column":0},"end":{"line":22,"column":6}},"22":{"start":{"line":23,"column":0},"end":{"line":23,"column":20}},"23":{"start":{"line":24,"column":0},"end":{"line":24,"column":27}},"24":{"start":{"line":25,"column":0},"end":{"line":25,"column":42}},"25":{"start":{"line":26,"column":0},"end":{"line":26,"column":9}},"26":{"start":{"line":27,"column":0},"end":{"line":27,"column":31}},"27":{"start":{"line":28,"column":0},"end":{"line":28,"column":17}},"28":{"start":{"line":29,"column":0},"end":{"line":29,"column":23}},"29":{"start":{"line":30,"column":0},"end":{"line":30,"column":29}},"30":{"start":{"line":31,"column":0},"end":{"line":31,"column":35}},"31":{"start":{"line":32,"column":0},"end":{"line":32,"column":41}},"32":{"start":{"line":33,"column":0},"end":{"line":33,"column":27}},"33":{"start":{"line":34,"column":0},"end":{"line":34,"column":37}},"34":{"start":{"line":35,"column":0},"end":{"line":35,"column":10}},"35":{"start":{"line":36,"column":0},"end":{"line":36,"column":21}},"36":{"start":{"line":37,"column":0},"end":{"line":37,"column":25}},"37":{"start":{"line":38,"column":0},"end":{"line":38,"column":30}},"38":{"start":{"line":39,"column":0},"end":{"line":39,"column":27}},"39":{"start":{"line":40,"column":0},"end":{"line":40,"column":26}},"40":{"start":{"line":41,"column":0},"end":{"line":41,"column":65}},"41":{"start":{"line":42,"column":0},"end":{"line":42,"column":9}},"42":{"start":{"line":43,"column":0},"end":{"line":43,"column":20}},"43":{"start":{"line":44,"column":0},"end":{"line":44,"column":73}},"44":{"start":{"line":45,"column":0},"end":{"line":45,"column":5}},"45":{"start":{"line":46,"column":0},"end":{"line":46,"column":4}},"46":{"start":{"line":47,"column":0},"end":{"line":47,"column":2}},"49":{"start":{"line":50,"column":0},"end":{"line":50,"column":78}},"50":{"start":{"line":51,"column":0},"end":{"line":51,"column":7}},"51":{"start":{"line":52,"column":0},"end":{"line":52,"column":50}},"52":{"start":{"line":53,"column":0},"end":{"line":53,"column":23}},"53":{"start":{"line":54,"column":0},"end":{"line":54,"column":54}},"54":{"start":{"line":55,"column":0},"end":{"line":55,"column":13}},"55":{"start":{"line":56,"column":0},"end":{"line":56,"column":5}},"58":{"start":{"line":59,"column":0},"end":{"line":59,"column":77}},"59":{"start":{"line":60,"column":0},"end":{"line":60,"column":51}},"60":{"start":{"line":61,"column":0},"end":{"line":61,"column":13}},"61":{"start":{"line":62,"column":0},"end":{"line":62,"column":5}},"63":{"start":{"line":64,"column":0},"end":{"line":64,"column":27}},"64":{"start":{"line":65,"column":0},"end":{"line":65,"column":15}},"65":{"start":{"line":66,"column":0},"end":{"line":66,"column":21}},"66":{"start":{"line":67,"column":0},"end":{"line":67,"column":27}},"67":{"start":{"line":68,"column":0},"end":{"line":68,"column":33}},"68":{"start":{"line":69,"column":0},"end":{"line":69,"column":39}},"69":{"start":{"line":70,"column":0},"end":{"line":70,"column":25}},"70":{"start":{"line":71,"column":0},"end":{"line":71,"column":35}},"71":{"start":{"line":72,"column":0},"end":{"line":72,"column":8}},"72":{"start":{"line":73,"column":0},"end":{"line":73,"column":18}},"73":{"start":{"line":74,"column":0},"end":{"line":74,"column":41}},"74":{"start":{"line":75,"column":0},"end":{"line":75,"column":16}},"76":{"start":{"line":77,"column":0},"end":{"line":77,"column":16}},"77":{"start":{"line":78,"column":0},"end":{"line":78,"column":56}},"78":{"start":{"line":79,"column":0},"end":{"line":79,"column":13}},"79":{"start":{"line":80,"column":0},"end":{"line":80,"column":5}},"81":{"start":{"line":82,"column":0},"end":{"line":82,"column":19}},"82":{"start":{"line":83,"column":0},"end":{"line":83,"column":28}},"83":{"start":{"line":84,"column":0},"end":{"line":84,"column":25}},"84":{"start":{"line":85,"column":0},"end":{"line":85,"column":24}},"85":{"start":{"line":86,"column":0},"end":{"line":86,"column":63}},"86":{"start":{"line":87,"column":0},"end":{"line":87,"column":7}},"87":{"start":{"line":88,"column":0},"end":{"line":88,"column":18}},"88":{"start":{"line":89,"column":0},"end":{"line":89,"column":71}},"89":{"start":{"line":90,"column":0},"end":{"line":90,"column":3}},"90":{"start":{"line":91,"column":0},"end":{"line":91,"column":3}},"93":{"start":{"line":94,"column":0},"end":{"line":94,"column":78}},"94":{"start":{"line":95,"column":0},"end":{"line":95,"column":7}},"95":{"start":{"line":96,"column":0},"end":{"line":96,"column":50}},"96":{"start":{"line":97,"column":0},"end":{"line":97,"column":23}},"97":{"start":{"line":98,"column":0},"end":{"line":98,"column":54}},"98":{"start":{"line":99,"column":0},"end":{"line":99,"column":13}},"99":{"start":{"line":100,"column":0},"end":{"line":100,"column":5}},"101":{"start":{"line":102,"column":0},"end":{"line":102,"column":77}},"102":{"start":{"line":103,"column":0},"end":{"line":103,"column":51}},"103":{"start":{"line":104,"column":0},"end":{"line":104,"column":13}},"104":{"start":{"line":105,"column":0},"end":{"line":105,"column":5}},"106":{"start":{"line":107,"column":0},"end":{"line":107,"column":56}},"107":{"start":{"line":108,"column":0},"end":{"line":108,"column":26}},"108":{"start":{"line":109,"column":0},"end":{"line":109,"column":9}},"109":{"start":{"line":110,"column":0},"end":{"line":110,"column":20}},"110":{"start":{"line":111,"column":0},"end":{"line":111,"column":77}},"111":{"start":{"line":112,"column":0},"end":{"line":112,"column":13}},"112":{"start":{"line":113,"column":0},"end":{"line":113,"column":5}},"114":{"start":{"line":115,"column":0},"end":{"line":115,"column":34}},"115":{"start":{"line":116,"column":0},"end":{"line":116,"column":20}},"116":{"start":{"line":117,"column":0},"end":{"line":117,"column":12}},"117":{"start":{"line":118,"column":0},"end":{"line":118,"column":23}},"118":{"start":{"line":119,"column":0},"end":{"line":119,"column":30}},"119":{"start":{"line":120,"column":0},"end":{"line":120,"column":8}},"120":{"start":{"line":121,"column":0},"end":{"line":121,"column":41}},"121":{"start":{"line":122,"column":0},"end":{"line":122,"column":18}},"122":{"start":{"line":123,"column":0},"end":{"line":123,"column":21}},"123":{"start":{"line":124,"column":0},"end":{"line":124,"column":27}},"124":{"start":{"line":125,"column":0},"end":{"line":125,"column":33}},"125":{"start":{"line":126,"column":0},"end":{"line":126,"column":39}},"126":{"start":{"line":127,"column":0},"end":{"line":127,"column":25}},"127":{"start":{"line":128,"column":0},"end":{"line":128,"column":35}},"128":{"start":{"line":129,"column":0},"end":{"line":129,"column":9}},"130":{"start":{"line":131,"column":0},"end":{"line":131,"column":23}},"131":{"start":{"line":132,"column":0},"end":{"line":132,"column":56}},"132":{"start":{"line":133,"column":0},"end":{"line":133,"column":13}},"133":{"start":{"line":134,"column":0},"end":{"line":134,"column":5}},"135":{"start":{"line":136,"column":0},"end":{"line":136,"column":39}},"136":{"start":{"line":137,"column":0},"end":{"line":137,"column":25}},"137":{"start":{"line":138,"column":0},"end":{"line":138,"column":31}},"138":{"start":{"line":139,"column":0},"end":{"line":139,"column":29}},"139":{"start":{"line":140,"column":0},"end":{"line":140,"column":34}},"140":{"start":{"line":141,"column":0},"end":{"line":141,"column":27}},"141":{"start":{"line":142,"column":0},"end":{"line":142,"column":7}},"143":{"start":{"line":144,"column":0},"end":{"line":144,"column":26}},"144":{"start":{"line":145,"column":0},"end":{"line":145,"column":28}},"145":{"start":{"line":146,"column":0},"end":{"line":146,"column":25}},"146":{"start":{"line":147,"column":0},"end":{"line":147,"column":24}},"147":{"start":{"line":148,"column":0},"end":{"line":148,"column":63}},"148":{"start":{"line":149,"column":0},"end":{"line":149,"column":7}},"149":{"start":{"line":150,"column":0},"end":{"line":150,"column":18}},"150":{"start":{"line":151,"column":0},"end":{"line":151,"column":71}},"151":{"start":{"line":152,"column":0},"end":{"line":152,"column":3}},"152":{"start":{"line":153,"column":0},"end":{"line":153,"column":3}},"154":{"start":{"line":155,"column":0},"end":{"line":155,"column":22}}},"s":{"0":1,"1":1,"2":1,"3":1,"8":1,"9":1,"11":1,"14":1,"15":1,"16":1,"17":1,"20":1,"21":1,"22":1,"23":1,"24":1,"25":2,"26":2,"27":2,"28":2,"29":2,"30":2,"31":2,"32":2,"33":2,"34":2,"35":2,"36":2,"37":2,"38":0,"39":0,"40":0,"41":0,"42":0,"43":0,"44":0,"45":2,"46":1,"49":1,"50":4,"51":4,"52":4,"53":0,"54":0,"55":0,"58":4,"59":1,"60":1,"61":1,"63":3,"64":3,"65":3,"66":3,"67":3,"68":3,"69":3,"70":3,"71":3,"72":3,"73":3,"74":3,"76":4,"77":1,"78":1,"79":1,"81":2,"82":4,"83":0,"84":0,"85":0,"86":0,"87":0,"88":0,"89":0,"90":4,"93":1,"94":4,"95":4,"96":4,"97":0,"98":0,"99":0,"101":4,"102":1,"103":1,"104":1,"106":3,"107":4,"108":1,"109":1,"110":1,"111":1,"112":1,"114":2,"115":2,"116":2,"117":2,"118":2,"119":2,"120":2,"121":2,"122":2,"123":2,"124":2,"125":2,"126":2,"127":2,"128":2,"130":4,"131":1,"132":1,"133":1,"135":1,"136":1,"137":1,"138":1,"139":1,"140":1,"141":1,"143":1,"144":4,"145":0,"146":0,"147":0,"148":0,"149":0,"150":0,"151":0,"152":4,"154":1},"branchMap":{"0":{"type":"branch","line":25,"loc":{"start":{"line":25,"column":2},"end":{"line":46,"column":4}},"locations":[{"start":{"line":25,"column":2},"end":{"line":46,"column":4}}]},"1":{"type":"branch","line":38,"loc":{"start":{"line":38,"column":4},"end":{"line":45,"column":5}},"locations":[{"start":{"line":38,"column":4},"end":{"line":45,"column":5}}]},"2":{"type":"branch","line":50,"loc":{"start":{"line":50,"column":38},"end":{"line":91,"column":3}},"locations":[{"start":{"line":50,"column":38},"end":{"line":91,"column":3}}]},"3":{"type":"branch","line":53,"loc":{"start":{"line":53,"column":22},"end":{"line":56,"column":5}},"locations":[{"start":{"line":53,"column":22},"end":{"line":56,"column":5}}]},"4":{"type":"branch","line":59,"loc":{"start":{"line":59,"column":29},"end":{"line":59,"column":76}},"locations":[{"start":{"line":59,"column":29},"end":{"line":59,"column":76}}]},"5":{"type":"branch","line":59,"loc":{"start":{"line":59,"column":76},"end":{"line":62,"column":5}},"locations":[{"start":{"line":59,"column":76},"end":{"line":62,"column":5}}]},"6":{"type":"branch","line":62,"loc":{"start":{"line":62,"column":4},"end":{"line":77,"column":15}},"locations":[{"start":{"line":62,"column":4},"end":{"line":77,"column":15}}]},"7":{"type":"branch","line":77,"loc":{"start":{"line":77,"column":15},"end":{"line":80,"column":5}},"locations":[{"start":{"line":77,"column":15},"end":{"line":80,"column":5}}]},"8":{"type":"branch","line":80,"loc":{"start":{"line":80,"column":4},"end":{"line":83,"column":11}},"locations":[{"start":{"line":80,"column":4},"end":{"line":83,"column":11}}]},"9":{"type":"branch","line":83,"loc":{"start":{"line":83,"column":2},"end":{"line":90,"column":3}},"locations":[{"start":{"line":83,"column":2},"end":{"line":90,"column":3}}]},"10":{"type":"branch","line":94,"loc":{"start":{"line":94,"column":38},"end":{"line":153,"column":3}},"locations":[{"start":{"line":94,"column":38},"end":{"line":153,"column":3}}]},"11":{"type":"branch","line":97,"loc":{"start":{"line":97,"column":22},"end":{"line":100,"column":5}},"locations":[{"start":{"line":97,"column":22},"end":{"line":100,"column":5}}]},"12":{"type":"branch","line":102,"loc":{"start":{"line":102,"column":29},"end":{"line":102,"column":76}},"locations":[{"start":{"line":102,"column":29},"end":{"line":102,"column":76}}]},"13":{"type":"branch","line":102,"loc":{"start":{"line":102,"column":76},"end":{"line":105,"column":5}},"locations":[{"start":{"line":102,"column":76},"end":{"line":105,"column":5}}]},"14":{"type":"branch","line":105,"loc":{"start":{"line":105,"column":4},"end":{"line":108,"column":25}},"locations":[{"start":{"line":105,"column":4},"end":{"line":108,"column":25}}]},"15":{"type":"branch","line":108,"loc":{"start":{"line":108,"column":25},"end":{"line":113,"column":5}},"locations":[{"start":{"line":108,"column":25},"end":{"line":113,"column":5}}]},"16":{"type":"branch","line":113,"loc":{"start":{"line":113,"column":4},"end":{"line":131,"column":22}},"locations":[{"start":{"line":113,"column":4},"end":{"line":131,"column":22}}]},"17":{"type":"branch","line":131,"loc":{"start":{"line":131,"column":22},"end":{"line":145,"column":11}},"locations":[{"start":{"line":131,"column":22},"end":{"line":145,"column":11}}]},"18":{"type":"branch","line":145,"loc":{"start":{"line":145,"column":2},"end":{"line":152,"column":3}},"locations":[{"start":{"line":145,"column":2},"end":{"line":152,"column":3}}]}},"b":{"0":[2],"1":[0],"2":[4],"3":[0],"4":[2],"5":[1],"6":[3],"7":[1],"8":[2],"9":[0],"10":[4],"11":[0],"12":[3],"13":[1],"14":[3],"15":[1],"16":[2],"17":[1],"18":[0]},"fnMap":{},"f":{}}
,"D:\\Kumresh\\api\\services\\PaymentService.ts": {"path":"D:\\Kumresh\\api\\services\\PaymentService.ts","all":false,"statementMap":{"20":{"start":{"line":21,"column":0},"end":{"line":21,"column":60}},"21":{"start":{"line":22,"column":0},"end":{"line":22,"column":68}},"23":{"start":{"line":24,"column":0},"end":{"line":24,"column":67}},"24":{"start":{"line":25,"column":0},"end":{"line":25,"column":3}},"25":{"start":{"line":26,"column":0},"end":{"line":26,"column":59}},"26":{"start":{"line":27,"column":0},"end":{"line":27,"column":45}},"27":{"start":{"line":28,"column":0},"end":{"line":28,"column":3}},"28":{"start":{"line":29,"column":0},"end":{"line":29,"column":1}}},"s":{"20":1,"21":1,"23":1,"24":1,"25":1,"26":1,"27":1,"28":1},"branchMap":{"0":{"type":"branch","line":22,"loc":{"start":{"line":22,"column":2},"end":{"line":25,"column":3}},"locations":[{"start":{"line":22,"column":2},"end":{"line":25,"column":3}}]},"1":{"type":"branch","line":26,"loc":{"start":{"line":26,"column":2},"end":{"line":28,"column":3}},"locations":[{"start":{"line":26,"column":2},"end":{"line":28,"column":3}}]}},"b":{"0":[1],"1":[1]},"fnMap":{"0":{"name":"createPayment","decl":{"start":{"line":22,"column":2},"end":{"line":25,"column":3}},"loc":{"start":{"line":22,"column":2},"end":{"line":25,"column":3}},"line":22},"1":{"name":"refund","decl":{"start":{"line":26,"column":2},"end":{"line":28,"column":3}},"loc":{"start":{"line":26,"column":2},"end":{"line":28,"column":3}},"line":26}},"f":{"0":1,"1":1}}
,"D:\\Kumresh\\api\\validation\\auth.ts": {"path":"D:\\Kumresh\\api\\validation\\auth.ts","all":false,"statementMap":{"0":{"start":{"line":1,"column":0},"end":{"line":1,"column":24}},"2":{"start":{"line":3,"column":0},"end":{"line":3,"column":40}},"3":{"start":{"line":4,"column":0},"end":{"line":4,"column":28}},"4":{"start":{"line":5,"column":0},"end":{"line":5,"column":30}},"5":{"start":{"line":6,"column":0},"end":{"line":6,"column":30}},"6":{"start":{"line":7,"column":0},"end":{"line":7,"column":44}},"7":{"start":{"line":8,"column":0},"end":{"line":8,"column":3}},"9":{"start":{"line":10,"column":0},"end":{"line":10,"column":37}},"10":{"start":{"line":11,"column":0},"end":{"line":11,"column":28}},"11":{"start":{"line":12,"column":0},"end":{"line":12,"column":30}},"12":{"start":{"line":13,"column":0},"end":{"line":13,"column":3}}},"s":{"0":1,"2":1,"3":1,"4":1,"5":1,"6":1,"7":1,"9":1,"10":1,"11":1,"12":1},"branchMap":{},"b":{},"fnMap":{},"f":{}}
,"D:\\Kumresh\\api\\validation\\bookings.ts": {"path":"D:\\Kumresh\\api\\validation\\bookings.ts","all":false,"statementMap":{"0":{"start":{"line":1,"column":0},"end":{"line":1,"column":24}},"2":{"start":{"line":3,"column":0},"end":{"line":3,"column":45}},"3":{"start":{"line":4,"column":0},"end":{"line":4,"column":28}},"4":{"start":{"line":5,"column":0},"end":{"line":5,"column":55}},"5":{"start":{"line":6,"column":0},"end":{"line":6,"column":56}},"6":{"start":{"line":7,"column":0},"end":{"line":7,"column":53}},"7":{"start":{"line":8,"column":0},"end":{"line":8,"column":41}},"8":{"start":{"line":9,"column":0},"end":{"line":9,"column":3}},"10":{"start":{"line":11,"column":0},"end":{"line":11,"column":45}},"11":{"start":{"line":12,"column":0},"end":{"line":12,"column":18}},"12":{"start":{"line":13,"column":0},"end":{"line":13,"column":14}},"13":{"start":{"line":14,"column":0},"end":{"line":14,"column":16}},"14":{"start":{"line":15,"column":0},"end":{"line":15,"column":17}},"15":{"start":{"line":16,"column":0},"end":{"line":16,"column":18}},"16":{"start":{"line":17,"column":0},"end":{"line":17,"column":16}},"17":{"start":{"line":18,"column":0},"end":{"line":18,"column":5}},"18":{"start":{"line":19,"column":0},"end":{"line":19,"column":3}},"20":{"start":{"line":21,"column":0},"end":{"line":21,"column":49}},"21":{"start":{"line":22,"column":0},"end":{"line":22,"column":55}},"22":{"start":{"line":23,"column":0},"end":{"line":23,"column":56}},"23":{"start":{"line":24,"column":0},"end":{"line":24,"column":71}},"24":{"start":{"line":25,"column":0},"end":{"line":25,"column":34}},"25":{"start":{"line":26,"column":0},"end":{"line":26,"column":3}}},"s":{"0":1,"2":1,"3":1,"4":1,"5":1,"6":1,"7":1,"8":1,"10":1,"11":1,"12":1,"13":1,"14":1,"15":1,"16":1,"17":1,"18":1,"20":1,"21":1,"22":1,"23":1,"24":1,"25":1},"branchMap":{},"b":{},"fnMap":{},"f":{}}
,"D:\\Kumresh\\api\\validation\\payments.ts": {"path":"D:\\Kumresh\\api\\validation\\payments.ts","all":false,"statementMap":{"0":{"start":{"line":1,"column":0},"end":{"line":1,"column":24}},"2":{"start":{"line":3,"column":0},"end":{"line":3,"column":45}},"3":{"start":{"line":4,"column":0},"end":{"line":4,"column":31}},"4":{"start":{"line":5,"column":0},"end":{"line":5,"column":48}},"5":{"start":{"line":6,"column":0},"end":{"line":6,"column":45}},"6":{"start":{"line":7,"column":0},"end":{"line":7,"column":51}},"7":{"start":{"line":8,"column":0},"end":{"line":8,"column":35}},"8":{"start":{"line":9,"column":0},"end":{"line":9,"column":3}},"10":{"start":{"line":11,"column":0},"end":{"line":11,"column":51}},"11":{"start":{"line":12,"column":0},"end":{"line":12,"column":60}},"12":{"start":{"line":13,"column":0},"end":{"line":13,"column":3}}},"s":{"0":1,"2":1,"3":1,"4":1,"5":1,"6":1,"7":1,"8":1,"10":1,"11":1,"12":1},"branchMap":{},"b":{},"fnMap":{},"f":{}}
,"D:\\Kumresh\\api\\validation\\rooms.ts": {"path":"D:\\Kumresh\\api\\validation\\rooms.ts","all":false,"statementMap":{"0":{"start":{"line":1,"column":0},"end":{"line":1,"column":24}},"2":{"start":{"line":3,"column":0},"end":{"line":3,"column":42}},"3":{"start":{"line":4,"column":0},"end":{"line":4,"column":32}},"4":{"start":{"line":5,"column":0},"end":{"line":5,"column":60}},"5":{"start":{"line":6,"column":0},"end":{"line":6,"column":36}},"6":{"start":{"line":7,"column":0},"end":{"line":7,"column":55}},"7":{"start":{"line":8,"column":0},"end":{"line":8,"column":44}},"8":{"start":{"line":9,"column":0},"end":{"line":9,"column":70}},"9":{"start":{"line":10,"column":0},"end":{"line":10,"column":47}},"10":{"start":{"line":11,"column":0},"end":{"line":11,"column":37}},"11":{"start":{"line":12,"column":0},"end":{"line":12,"column":3}},"13":{"start":{"line":14,"column":0},"end":{"line":14,"column":59}},"15":{"start":{"line":16,"column":0},"end":{"line":16,"column":41}},"16":{"start":{"line":17,"column":0},"end":{"line":17,"column":30}},"17":{"start":{"line":18,"column":0},"end":{"line":18,"column":31}},"18":{"start":{"line":19,"column":0},"end":{"line":19,"column":71}},"19":{"start":{"line":20,"column":0},"end":{"line":20,"column":70}},"20":{"start":{"line":21,"column":0},"end":{"line":21,"column":3}}},"s":{"0":1,"2":1,"3":1,"4":1,"5":1,"6":1,"7":1,"8":1,"9":1,"10":1,"11":1,"13":1,"15":1,"16":1,"17":1,"18":1,"19":1,"20":1},"branchMap":{},"b":{},"fnMap":{},"f":{}}
}
